#! /c/iverilog/bin/vvp
:ivl_version "12.0 (devel)" "(s20150603-965-g55e06db6)";
:ivl_delay_selection "TYPICAL";
:vpi_time_precision - 12;
:vpi_module "C:\iverilog\lib\ivl\system.vpi";
:vpi_module "C:\iverilog\lib\ivl\vhdl_sys.vpi";
:vpi_module "C:\iverilog\lib\ivl\vhdl_textio.vpi";
:vpi_module "C:\iverilog\lib\ivl\v2005_math.vpi";
:vpi_module "C:\iverilog\lib\ivl\va_math.vpi";
S_000000000094efe0 .scope module, "test_fpu" "test_fpu" 2 7;
 .timescale -9 -12;
P_00000000008ba6c0 .param/l "DATA_WIDTH" 0 2 9, +C4<00000000000000000000000000100000>;
P_00000000008ba6f8 .param/l "INST_WIDTH" 0 2 10, +C4<00000000000000000000000000000001>;
P_00000000008ba730 .param/l "NUM_OF_INST" 0 2 11, +C4<00000000000000000000000000000010>;
P_00000000008ba768 .param/l "NUM_OF_TEST" 0 2 12, +C4<00000000000000000000000000001010>;
v0000000000eadc00_0 .net "clk", 0 0, v0000000000895630_0;  1 drivers
v0000000000eadac0_0 .net "idata_a", 31 0, v0000000000eacbc0_0;  1 drivers
v0000000000eacb20_0 .net "idata_b", 31 0, v0000000000ead200_0;  1 drivers
v0000000000ead980_0 .net "inst", 0 0, v0000000000eac260_0;  1 drivers
v0000000000ead7a0_0 .net "ivalid", 0 0, v0000000000ead2a0_0;  1 drivers
v0000000000ead0c0_0 .net "odata", 31 0, L_00000000009468b0;  1 drivers
v0000000000eac800_0 .net "ovalid", 0 0, L_0000000000946060;  1 drivers
v0000000000eadb60_0 .net "rst_n", 0 0, v0000000000896ad0_0;  1 drivers
S_00000000008ba7b0 .scope module, "u_clk" "Clkgen" 2 58, 2 65 0, S_000000000094efe0;
 .timescale -9 -12;
    .port_info 0 /OUTPUT 1 "clk";
    .port_info 1 /OUTPUT 1 "rst_n";
v0000000000895630_0 .var "clk", 0 0;
v0000000000896ad0_0 .var "rst_n", 0 0;
S_00000000008ba940 .scope module, "u_fpu" "fpu" 2 31, 3 1 0, S_000000000094efe0;
 .timescale -9 -12;
    .port_info 0 /INPUT 1 "i_clk";
    .port_info 1 /INPUT 1 "i_rst_n";
    .port_info 2 /INPUT 32 "i_data_a";
    .port_info 3 /INPUT 32 "i_data_b";
    .port_info 4 /INPUT 1 "i_inst";
    .port_info 5 /INPUT 1 "i_valid";
    .port_info 6 /OUTPUT 32 "o_data";
    .port_info 7 /OUTPUT 1 "o_valid";
P_000000000094b820 .param/l "DATA_WIDTH" 0 3 2, +C4<00000000000000000000000000100000>;
P_000000000094b858 .param/l "INST_WIDTH" 0 3 3, +C4<00000000000000000000000000000001>;
L_00000000009468b0 .functor BUFZ 32, v0000000000ea9460_0, C4<00000000000000000000000000000000>, C4<00000000000000000000000000000000>, C4<00000000000000000000000000000000>;
L_0000000000946060 .functor BUFZ 1, v0000000000ea91e0_0, C4<0>, C4<0>, C4<0>;
v0000000000895b30_0 .net "i_clk", 0 0, v0000000000895630_0;  alias, 1 drivers
v0000000000895bd0_0 .net "i_data_a", 31 0, v0000000000eacbc0_0;  alias, 1 drivers
v0000000000895c70_0 .net "i_data_b", 31 0, v0000000000ead200_0;  alias, 1 drivers
v0000000000895d10_0 .net "i_inst", 0 0, v0000000000eac260_0;  alias, 1 drivers
v0000000000ea84c0_0 .net "i_rst_n", 0 0, v0000000000896ad0_0;  alias, 1 drivers
v0000000000ea8560_0 .net "i_valid", 0 0, v0000000000ead2a0_0;  alias, 1 drivers
v0000000000ea9c80_0 .var "mul_out", 64 0;
v0000000000ea8880_0 .var "n", 31 0;
v0000000000ea8ce0_0 .net "o_data", 31 0, L_00000000009468b0;  alias, 1 drivers
v0000000000ea9460_0 .var "o_data_r", 31 0;
v0000000000ea8b00_0 .var "o_data_w", 31 0;
v0000000000ea8c40_0 .net "o_valid", 0 0, L_0000000000946060;  alias, 1 drivers
v0000000000ea91e0_0 .var "o_valid_r", 0 0;
v0000000000ea96e0_0 .var "o_valid_w", 0 0;
v0000000000ea8920_0 .var "out", 31 0;
v0000000000ea8600_0 .var "round", 0 0;
v0000000000ea90a0_0 .var "temp_a", 31 0;
v0000000000ea98c0_0 .var "temp_b", 31 0;
E_0000000000929a50/0 .event negedge, v0000000000896ad0_0;
E_0000000000929a50/1 .event posedge, v0000000000895630_0;
E_0000000000929a50 .event/or E_0000000000929a50/0, E_0000000000929a50/1;
E_0000000000929e90/0 .event edge, v0000000000ea8560_0, v0000000000895d10_0, v0000000000895bd0_0, v0000000000895c70_0;
E_0000000000929e90/1 .event edge, v0000000000ea8880_0, v0000000000ea90a0_0, v0000000000ea98c0_0, v0000000000ea8920_0;
E_0000000000929e90/2 .event edge, v0000000000ea8600_0, v0000000000ea8b00_0, v0000000000ea9c80_0;
E_0000000000929e90 .event/or E_0000000000929e90/0, E_0000000000929e90/1, E_0000000000929e90/2;
S_00000000008d0a20 .scope module, "u_fpu_test" "fpu_test" 2 47, 2 84 0, S_000000000094efe0;
 .timescale -9 -12;
    .port_info 0 /INPUT 1 "i_clk";
    .port_info 1 /INPUT 1 "i_rst_n";
    .port_info 2 /INPUT 32 "i_data";
    .port_info 3 /INPUT 1 "i_valid";
    .port_info 4 /OUTPUT 32 "o_data_a";
    .port_info 5 /OUTPUT 32 "o_data_b";
    .port_info 6 /OUTPUT 1 "o_inst";
    .port_info 7 /OUTPUT 1 "o_valid";
P_00000000008d0bb0 .param/l "DATA_WIDTH" 0 2 85, +C4<00000000000000000000000000100000>;
P_00000000008d0be8 .param/l "End" 1 2 140, +C4<00000000000000000000000000000011>;
P_00000000008d0c20 .param/l "INST_WIDTH" 0 2 86, +C4<00000000000000000000000000000001>;
P_00000000008d0c58 .param/l "Idle" 1 2 137, +C4<00000000000000000000000000000000>;
P_00000000008d0c90 .param/l "NUM_OF_INST" 0 2 87, +C4<00000000000000000000000000000010>;
P_00000000008d0cc8 .param/l "NUM_OF_TEST" 0 2 88, +C4<00000000000000000000000000001010>;
P_00000000008d0d00 .param/l "Test00" 1 2 138, +C4<00000000000000000000000000000001>;
P_00000000008d0d38 .param/l "Test01" 1 2 139, +C4<00000000000000000000000000000010>;
v0000000000eadde0_0 .var "cs", 1 0;
v0000000000eac4e0_0 .net "i_clk", 0 0, v0000000000895630_0;  alias, 1 drivers
v0000000000eac6c0_0 .net "i_data", 31 0, L_00000000009468b0;  alias, 1 drivers
v0000000000eade80_0 .net "i_rst_n", 0 0, v0000000000896ad0_0;  alias, 1 drivers
v0000000000eac8a0_0 .net "i_valid", 0 0, L_0000000000946060;  alias, 1 drivers
v0000000000eada20_0 .var "ns", 1 0;
v0000000000eacbc0_0 .var "o_data_a", 31 0;
v0000000000ead200_0 .var "o_data_b", 31 0;
v0000000000eac260_0 .var "o_inst", 0 0;
v0000000000ead2a0_0 .var "o_valid", 0 0;
v0000000000ead700 .array "test_dataA", 1 0;
v0000000000ead700_0 .net v0000000000ead700 0, 31 0, L_0000000000945ea0; 1 drivers
v0000000000ead700_1 .net v0000000000ead700 1, 31 0, L_0000000000946530; 1 drivers
v0000000000eac760 .array "test_dataB", 1 0;
v0000000000eac760_0 .net v0000000000eac760 0, 31 0, L_0000000000946370; 1 drivers
v0000000000eac760_1 .net v0000000000eac760 1, 31 0, L_0000000000945ff0; 1 drivers
v0000000000ead8e0 .array "test_done", 1 0;
v0000000000ead8e0_0 .net v0000000000ead8e0 0, 0 0, L_0000000000eacf80; 1 drivers
v0000000000ead8e0_1 .net v0000000000ead8e0 1, 0 0, L_0000000000f06330; 1 drivers
v0000000000eac080 .array "test_inst", 1 0;
v0000000000eac080_0 .net v0000000000eac080 0, 0 0, L_0000000000eac9e0; 1 drivers
v0000000000eac080_1 .net v0000000000eac080 1, 0 0, L_0000000000f079b0; 1 drivers
v0000000000eac1c0 .array "test_start", 1 0, 0 0;
v0000000000ead660 .array "test_valid", 1 0;
v0000000000ead660_0 .net v0000000000ead660 0, 0 0, L_0000000000945f10; 1 drivers
v0000000000ead660_1 .net v0000000000ead660 1, 0 0, L_00000000009463e0; 1 drivers
v0000000000ead340_0 .var/i "total_error", 31 0;
E_0000000000929f50/0 .event edge, v0000000000eadde0_0, v0000000000ea8060_0, v0000000000eaa610_0, v0000000000ea8240_0;
E_0000000000929f50/1 .event edge, v0000000000eabb50_0, v0000000000eaad90_0, v0000000000eabd30_0, v0000000000eab8d0_0;
E_0000000000929f50/2 .event edge, v0000000000eabdd0_0, v0000000000eaa110_0, v0000000000eabbf0_0, v0000000000ead340_0;
E_0000000000929f50/3 .event edge, v0000000000ea8d80_0, v0000000000eab0b0_0;
E_0000000000929f50 .event/or E_0000000000929f50/0, E_0000000000929f50/1, E_0000000000929f50/2, E_0000000000929f50/3;
S_00000000009ed4e0 .scope generate, "test_unit[0]" "test_unit[0]" 2 111, 2 111 0, S_00000000008d0a20;
 .timescale -9 -12;
P_0000000000929310 .param/l "i" 0 2 111, +C4<00>;
S_00000000009ed670 .scope module, "inst" "test_interface" 2 116, 2 194 0, S_00000000009ed4e0;
 .timescale -9 -12;
    .port_info 0 /INPUT 1 "i_clk";
    .port_info 1 /INPUT 1 "i_rst_n";
    .port_info 2 /INPUT 1 "i_start";
    .port_info 3 /INPUT 32 "i_data";
    .port_info 4 /INPUT 1 "i_valid";
    .port_info 5 /OUTPUT 32 "o_data_a";
    .port_info 6 /OUTPUT 32 "o_data_b";
    .port_info 7 /OUTPUT 1 "o_inst";
    .port_info 8 /OUTPUT 1 "o_valid";
    .port_info 9 /OUTPUT 1 "o_done";
P_00000000008724d0 .param/l "DATA_WIDTH" 0 2 195, +C4<00000000000000000000000000100000>;
P_0000000000872508 .param/l "Done" 1 2 218, +C4<00000000000000000000000000000011>;
P_0000000000872540 .param/l "Finish" 1 2 219, +C4<00000000000000000000000000000100>;
P_0000000000872578 .param/l "INST_WIDTH" 0 2 196, +C4<00000000000000000000000000000001>;
P_00000000008725b0 .param/l "Idle_" 1 2 215, +C4<00000000000000000000000000000000>;
P_00000000008725e8 .param/l "NUM_OF_TEST" 0 2 197, +C4<00000000000000000000000000001010>;
P_0000000000872620 .param/l "Read" 1 2 216, +C4<00000000000000000000000000000001>;
P_0000000000872658 .param/l "Write" 1 2 217, +C4<00000000000000000000000000000010>;
L_0000000000945ea0 .functor BUFZ 32, v0000000000ea87e0_0, C4<00000000000000000000000000000000>, C4<00000000000000000000000000000000>, C4<00000000000000000000000000000000>;
L_0000000000946370 .functor BUFZ 32, v0000000000ea82e0_0, C4<00000000000000000000000000000000>, C4<00000000000000000000000000000000>, C4<00000000000000000000000000000000>;
L_0000000000945f10 .functor BUFZ 1, v0000000000eaa1b0_0, C4<0>, C4<0>, C4<0>;
v0000000000ea8380_0 .net *"_ivl_0", 31 0, L_0000000000eace40;  1 drivers
v0000000000ea9960_0 .net *"_ivl_10", 4 0, L_0000000000eacc60;  1 drivers
L_0000000000eae0d8 .functor BUFT 1, C4<0>, C4<0>, C4<0>, C4<0>;
v0000000000ea9500_0 .net *"_ivl_13", 0 0, L_0000000000eae0d8;  1 drivers
v0000000000ea9140_0 .net *"_ivl_16", 64 0, L_0000000000eac120;  1 drivers
v0000000000ea89c0_0 .net *"_ivl_18", 4 0, L_0000000000eadca0;  1 drivers
L_0000000000eae120 .functor BUFT 1, C4<0>, C4<0>, C4<0>, C4<0>;
v0000000000ea93c0_0 .net *"_ivl_21", 0 0, L_0000000000eae120;  1 drivers
v0000000000ea9a00_0 .net *"_ivl_24", 64 0, L_0000000000eac940;  1 drivers
v0000000000ea8ba0_0 .net *"_ivl_26", 4 0, L_0000000000ead480;  1 drivers
L_0000000000eae168 .functor BUFT 1, C4<0>, C4<0>, C4<0>, C4<0>;
v0000000000ea9280_0 .net *"_ivl_29", 0 0, L_0000000000eae168;  1 drivers
L_0000000000eae048 .functor BUFT 1, C4<0000000000000000000000000000>, C4<0>, C4<0>, C4<0>;
v0000000000ea8a60_0 .net *"_ivl_3", 27 0, L_0000000000eae048;  1 drivers
v0000000000ea9320_0 .net *"_ivl_36", 64 0, L_0000000000eacda0;  1 drivers
v0000000000ea9d20_0 .net *"_ivl_38", 4 0, L_0000000000ead5c0;  1 drivers
L_0000000000eae090 .functor BUFT 1, C4<00000000000000000000000000001001>, C4<0>, C4<0>, C4<0>;
v0000000000ea95a0_0 .net/2u *"_ivl_4", 31 0, L_0000000000eae090;  1 drivers
L_0000000000eae1b0 .functor BUFT 1, C4<0>, C4<0>, C4<0>, C4<0>;
v0000000000ea9640_0 .net *"_ivl_41", 0 0, L_0000000000eae1b0;  1 drivers
v0000000000ea9aa0_0 .net *"_ivl_46", 31 0, L_0000000000eac3a0;  1 drivers
L_0000000000eae1f8 .functor BUFT 1, C4<00000000000000000000000000000>, C4<0>, C4<0>, C4<0>;
v0000000000ea9dc0_0 .net *"_ivl_49", 28 0, L_0000000000eae1f8;  1 drivers
L_0000000000eae240 .functor BUFT 1, C4<00000000000000000000000000000100>, C4<0>, C4<0>, C4<0>;
v0000000000ea9780_0 .net/2u *"_ivl_50", 31 0, L_0000000000eae240;  1 drivers
v0000000000ea8100_0 .net *"_ivl_8", 64 0, L_0000000000eac300;  1 drivers
v0000000000ea81a0_0 .var "cs_", 2 0;
v0000000000ea8d80_0 .var/i "error", 31 0;
v0000000000ea8e20_0 .net "i_clk", 0 0, v0000000000895630_0;  alias, 1 drivers
v0000000000ea9820_0 .net "i_data", 31 0, L_00000000009468b0;  alias, 1 drivers
v0000000000ea8ec0_0 .net "i_rst_n", 0 0, v0000000000896ad0_0;  alias, 1 drivers
v0000000000eac1c0_0 .array/port v0000000000eac1c0, 0;
v0000000000ea9e60_0 .net "i_start", 0 0, v0000000000eac1c0_0;  1 drivers
v0000000000ea86a0_0 .net "i_valid", 0 0, L_0000000000946060;  alias, 1 drivers
v0000000000ea9b40_0 .var "idx_r", 3 0;
v0000000000ea8740_0 .var "idx_w", 3 0;
v0000000000ea8f60_0 .net "input_A", 31 0, L_0000000000eacee0;  1 drivers
v0000000000ea9be0_0 .net "input_B", 31 0, L_0000000000eadd40;  1 drivers
v0000000000ea9f00 .array "input_array", 9 0, 64 0;
v0000000000ea8420_0 .var "ns_", 2 0;
v0000000000ea8060_0 .net "o_data_a", 31 0, L_0000000000945ea0;  alias, 1 drivers
v0000000000ea87e0_0 .var "o_data_a_r", 31 0;
v0000000000ea9000_0 .var "o_data_a_w", 31 0;
v0000000000ea8240_0 .net "o_data_b", 31 0, L_0000000000946370;  alias, 1 drivers
v0000000000ea82e0_0 .var "o_data_b_r", 31 0;
v0000000000eaaed0_0 .var "o_data_b_w", 31 0;
v0000000000eaa110_0 .net "o_done", 0 0, L_0000000000eacf80;  alias, 1 drivers
v0000000000eaad90_0 .net "o_inst", 0 0, L_0000000000eac9e0;  alias, 1 drivers
v0000000000eab8d0_0 .net "o_valid", 0 0, L_0000000000945f10;  alias, 1 drivers
v0000000000eaa1b0_0 .var "o_valid_r", 0 0;
v0000000000eabf10_0 .var "o_valid_w", 0 0;
v0000000000eaaa70 .array "output_array", 9 0, 64 0;
v0000000000eaa390_0 .net "output_data", 31 0, L_0000000000eacd00;  1 drivers
v0000000000eaa070_0 .net "test_finish", 0 0, L_0000000000ead3e0;  1 drivers
E_0000000000929150 .event negedge, v0000000000896ad0_0, v0000000000895630_0;
E_0000000000929450 .event negedge, v0000000000895630_0;
v0000000000ea9f00_0 .array/port v0000000000ea9f00, 0;
v0000000000ea9f00_1 .array/port v0000000000ea9f00, 1;
E_00000000009295d0/0 .event edge, v0000000000ea9b40_0, v0000000000ea81a0_0, v0000000000ea9f00_0, v0000000000ea9f00_1;
v0000000000ea9f00_2 .array/port v0000000000ea9f00, 2;
v0000000000ea9f00_3 .array/port v0000000000ea9f00, 3;
v0000000000ea9f00_4 .array/port v0000000000ea9f00, 4;
v0000000000ea9f00_5 .array/port v0000000000ea9f00, 5;
E_00000000009295d0/1 .event edge, v0000000000ea9f00_2, v0000000000ea9f00_3, v0000000000ea9f00_4, v0000000000ea9f00_5;
v0000000000ea9f00_6 .array/port v0000000000ea9f00, 6;
v0000000000ea9f00_7 .array/port v0000000000ea9f00, 7;
v0000000000ea9f00_8 .array/port v0000000000ea9f00, 8;
v0000000000ea9f00_9 .array/port v0000000000ea9f00, 9;
E_00000000009295d0/2 .event edge, v0000000000ea9f00_6, v0000000000ea9f00_7, v0000000000ea9f00_8, v0000000000ea9f00_9;
E_00000000009295d0/3 .event edge, v0000000000ea8c40_0, v0000000000eaa070_0;
E_00000000009295d0 .event/or E_00000000009295d0/0, E_00000000009295d0/1, E_00000000009295d0/2, E_00000000009295d0/3;
E_0000000000922250 .event edge, v0000000000ea81a0_0, v0000000000ea9e60_0, v0000000000ea8c40_0, v0000000000eaa070_0;
L_0000000000eace40 .concat [ 4 28 0 0], v0000000000ea9b40_0, L_0000000000eae048;
L_0000000000ead3e0 .cmp/eq 32, L_0000000000eace40, L_0000000000eae090;
L_0000000000eac300 .array/port v0000000000ea9f00, L_0000000000eacc60;
L_0000000000eacc60 .concat [ 4 1 0 0], v0000000000ea9b40_0, L_0000000000eae0d8;
L_0000000000eacee0 .part L_0000000000eac300, 0, 32;
L_0000000000eac120 .array/port v0000000000ea9f00, L_0000000000eadca0;
L_0000000000eadca0 .concat [ 4 1 0 0], v0000000000ea9b40_0, L_0000000000eae120;
L_0000000000eadd40 .part L_0000000000eac120, 32, 32;
L_0000000000eac940 .array/port v0000000000eaaa70, L_0000000000ead480;
L_0000000000ead480 .concat [ 4 1 0 0], v0000000000ea9b40_0, L_0000000000eae168;
L_0000000000eacd00 .part L_0000000000eac940, 0, 32;
L_0000000000eacda0 .array/port v0000000000ea9f00, L_0000000000ead5c0;
L_0000000000ead5c0 .concat [ 4 1 0 0], v0000000000ea9b40_0, L_0000000000eae1b0;
L_0000000000eac9e0 .part L_0000000000eacda0, 64, 1;
L_0000000000eac3a0 .concat [ 3 29 0 0], v0000000000ea81a0_0, L_0000000000eae1f8;
L_0000000000eacf80 .cmp/eq 32, L_0000000000eac3a0, L_0000000000eae240;
S_00000000009ed800 .scope generate, "test_unit[1]" "test_unit[1]" 2 111, 2 111 0, S_00000000008d0a20;
 .timescale -9 -12;
P_0000000000922ad0 .param/l "i" 0 2 111, +C4<01>;
S_00000000009505a0 .scope module, "inst" "test_interface" 2 116, 2 194 0, S_00000000009ed800;
 .timescale -9 -12;
    .port_info 0 /INPUT 1 "i_clk";
    .port_info 1 /INPUT 1 "i_rst_n";
    .port_info 2 /INPUT 1 "i_start";
    .port_info 3 /INPUT 32 "i_data";
    .port_info 4 /INPUT 1 "i_valid";
    .port_info 5 /OUTPUT 32 "o_data_a";
    .port_info 6 /OUTPUT 32 "o_data_b";
    .port_info 7 /OUTPUT 1 "o_inst";
    .port_info 8 /OUTPUT 1 "o_valid";
    .port_info 9 /OUTPUT 1 "o_done";
P_0000000000950730 .param/l "DATA_WIDTH" 0 2 195, +C4<00000000000000000000000000100000>;
P_0000000000950768 .param/l "Done" 1 2 218, +C4<00000000000000000000000000000011>;
P_00000000009507a0 .param/l "Finish" 1 2 219, +C4<00000000000000000000000000000100>;
P_00000000009507d8 .param/l "INST_WIDTH" 0 2 196, +C4<00000000000000000000000000000001>;
P_0000000000950810 .param/l "Idle_" 1 2 215, +C4<00000000000000000000000000000000>;
P_0000000000950848 .param/l "NUM_OF_TEST" 0 2 197, +C4<00000000000000000000000000001010>;
P_0000000000950880 .param/l "Read" 1 2 216, +C4<00000000000000000000000000000001>;
P_00000000009508b8 .param/l "Write" 1 2 217, +C4<00000000000000000000000000000010>;
L_0000000000946530 .functor BUFZ 32, v0000000000eab1f0_0, C4<00000000000000000000000000000000>, C4<00000000000000000000000000000000>, C4<00000000000000000000000000000000>;
L_0000000000945ff0 .functor BUFZ 32, v0000000000eab290_0, C4<00000000000000000000000000000000>, C4<00000000000000000000000000000000>, C4<00000000000000000000000000000000>;
L_00000000009463e0 .functor BUFZ 1, v0000000000eabe70_0, C4<0>, C4<0>, C4<0>;
v0000000000eaae30_0 .net *"_ivl_0", 31 0, L_0000000000eac440;  1 drivers
v0000000000eaabb0_0 .net *"_ivl_10", 4 0, L_0000000000ead840;  1 drivers
L_0000000000eae318 .functor BUFT 1, C4<0>, C4<0>, C4<0>, C4<0>;
v0000000000eab330_0 .net *"_ivl_13", 0 0, L_0000000000eae318;  1 drivers
v0000000000eaa750_0 .net *"_ivl_16", 64 0, L_0000000000f06650;  1 drivers
v0000000000eab970_0 .net *"_ivl_18", 4 0, L_0000000000f065b0;  1 drivers
L_0000000000eae360 .functor BUFT 1, C4<0>, C4<0>, C4<0>, C4<0>;
v0000000000eaa9d0_0 .net *"_ivl_21", 0 0, L_0000000000eae360;  1 drivers
v0000000000eabc90_0 .net *"_ivl_24", 64 0, L_0000000000f06fb0;  1 drivers
v0000000000eab510_0 .net *"_ivl_26", 4 0, L_0000000000f074b0;  1 drivers
L_0000000000eae3a8 .functor BUFT 1, C4<0>, C4<0>, C4<0>, C4<0>;
v0000000000eaa250_0 .net *"_ivl_29", 0 0, L_0000000000eae3a8;  1 drivers
L_0000000000eae288 .functor BUFT 1, C4<0000000000000000000000000000>, C4<0>, C4<0>, C4<0>;
v0000000000eaa2f0_0 .net *"_ivl_3", 27 0, L_0000000000eae288;  1 drivers
v0000000000eaa930_0 .net *"_ivl_36", 64 0, L_0000000000f06dd0;  1 drivers
v0000000000eab3d0_0 .net *"_ivl_38", 4 0, L_0000000000f061f0;  1 drivers
L_0000000000eae2d0 .functor BUFT 1, C4<00000000000000000000000000001001>, C4<0>, C4<0>, C4<0>;
v0000000000eaa7f0_0 .net/2u *"_ivl_4", 31 0, L_0000000000eae2d0;  1 drivers
L_0000000000eae3f0 .functor BUFT 1, C4<0>, C4<0>, C4<0>, C4<0>;
v0000000000eab830_0 .net *"_ivl_41", 0 0, L_0000000000eae3f0;  1 drivers
v0000000000eaab10_0 .net *"_ivl_46", 31 0, L_0000000000f06e70;  1 drivers
L_0000000000eae438 .functor BUFT 1, C4<00000000000000000000000000000>, C4<0>, C4<0>, C4<0>;
v0000000000eaa6b0_0 .net *"_ivl_49", 28 0, L_0000000000eae438;  1 drivers
L_0000000000eae480 .functor BUFT 1, C4<00000000000000000000000000000100>, C4<0>, C4<0>, C4<0>;
v0000000000eabab0_0 .net/2u *"_ivl_50", 31 0, L_0000000000eae480;  1 drivers
v0000000000eaac50_0 .net *"_ivl_8", 64 0, L_0000000000eaca80;  1 drivers
v0000000000eaacf0_0 .var "cs_", 2 0;
v0000000000eab0b0_0 .var/i "error", 31 0;
v0000000000eaaf70_0 .net "i_clk", 0 0, v0000000000895630_0;  alias, 1 drivers
v0000000000eab470_0 .net "i_data", 31 0, L_00000000009468b0;  alias, 1 drivers
v0000000000eaa430_0 .net "i_rst_n", 0 0, v0000000000896ad0_0;  alias, 1 drivers
v0000000000eac1c0_1 .array/port v0000000000eac1c0, 1;
v0000000000eaa4d0_0 .net "i_start", 0 0, v0000000000eac1c0_1;  1 drivers
v0000000000eaa570_0 .net "i_valid", 0 0, L_0000000000946060;  alias, 1 drivers
v0000000000eab650_0 .var "idx_r", 3 0;
v0000000000eab010_0 .var "idx_w", 3 0;
v0000000000eaba10_0 .net "input_A", 31 0, L_0000000000ead520;  1 drivers
v0000000000eab150_0 .net "input_B", 31 0, L_0000000000f07c30;  1 drivers
v0000000000eab6f0 .array "input_array", 9 0, 64 0;
v0000000000eaa890_0 .var "ns_", 2 0;
v0000000000eaa610_0 .net "o_data_a", 31 0, L_0000000000946530;  alias, 1 drivers
v0000000000eab1f0_0 .var "o_data_a_r", 31 0;
v0000000000eab790_0 .var "o_data_a_w", 31 0;
v0000000000eabb50_0 .net "o_data_b", 31 0, L_0000000000945ff0;  alias, 1 drivers
v0000000000eab290_0 .var "o_data_b_r", 31 0;
v0000000000eab5b0_0 .var "o_data_b_w", 31 0;
v0000000000eabbf0_0 .net "o_done", 0 0, L_0000000000f06330;  alias, 1 drivers
v0000000000eabd30_0 .net "o_inst", 0 0, L_0000000000f079b0;  alias, 1 drivers
v0000000000eabdd0_0 .net "o_valid", 0 0, L_00000000009463e0;  alias, 1 drivers
v0000000000eabe70_0 .var "o_valid_r", 0 0;
v0000000000eadf20_0 .var "o_valid_w", 0 0;
v0000000000ead160 .array "output_array", 9 0, 64 0;
v0000000000eac580_0 .net "output_data", 31 0, L_0000000000f07050;  1 drivers
v0000000000eac620_0 .net "test_finish", 0 0, L_0000000000ead020;  1 drivers
v0000000000eab6f0_0 .array/port v0000000000eab6f0, 0;
v0000000000eab6f0_1 .array/port v0000000000eab6f0, 1;
E_0000000000922fd0/0 .event edge, v0000000000eab650_0, v0000000000eaacf0_0, v0000000000eab6f0_0, v0000000000eab6f0_1;
v0000000000eab6f0_2 .array/port v0000000000eab6f0, 2;
v0000000000eab6f0_3 .array/port v0000000000eab6f0, 3;
v0000000000eab6f0_4 .array/port v0000000000eab6f0, 4;
v0000000000eab6f0_5 .array/port v0000000000eab6f0, 5;
E_0000000000922fd0/1 .event edge, v0000000000eab6f0_2, v0000000000eab6f0_3, v0000000000eab6f0_4, v0000000000eab6f0_5;
v0000000000eab6f0_6 .array/port v0000000000eab6f0, 6;
v0000000000eab6f0_7 .array/port v0000000000eab6f0, 7;
v0000000000eab6f0_8 .array/port v0000000000eab6f0, 8;
v0000000000eab6f0_9 .array/port v0000000000eab6f0, 9;
E_0000000000922fd0/2 .event edge, v0000000000eab6f0_6, v0000000000eab6f0_7, v0000000000eab6f0_8, v0000000000eab6f0_9;
E_0000000000922fd0/3 .event edge, v0000000000ea8c40_0, v0000000000eac620_0;
E_0000000000922fd0 .event/or E_0000000000922fd0/0, E_0000000000922fd0/1, E_0000000000922fd0/2, E_0000000000922fd0/3;
E_0000000000922410 .event edge, v0000000000eaacf0_0, v0000000000eaa4d0_0, v0000000000ea8c40_0, v0000000000eac620_0;
L_0000000000eac440 .concat [ 4 28 0 0], v0000000000eab650_0, L_0000000000eae288;
L_0000000000ead020 .cmp/eq 32, L_0000000000eac440, L_0000000000eae2d0;
L_0000000000eaca80 .array/port v0000000000eab6f0, L_0000000000ead840;
L_0000000000ead840 .concat [ 4 1 0 0], v0000000000eab650_0, L_0000000000eae318;
L_0000000000ead520 .part L_0000000000eaca80, 0, 32;
L_0000000000f06650 .array/port v0000000000eab6f0, L_0000000000f065b0;
L_0000000000f065b0 .concat [ 4 1 0 0], v0000000000eab650_0, L_0000000000eae360;
L_0000000000f07c30 .part L_0000000000f06650, 32, 32;
L_0000000000f06fb0 .array/port v0000000000ead160, L_0000000000f074b0;
L_0000000000f074b0 .concat [ 4 1 0 0], v0000000000eab650_0, L_0000000000eae3a8;
L_0000000000f07050 .part L_0000000000f06fb0, 0, 32;
L_0000000000f06dd0 .array/port v0000000000eab6f0, L_0000000000f061f0;
L_0000000000f061f0 .concat [ 4 1 0 0], v0000000000eab650_0, L_0000000000eae3f0;
L_0000000000f079b0 .part L_0000000000f06dd0, 64, 1;
L_0000000000f06e70 .concat [ 3 29 0 0], v0000000000eaacf0_0, L_0000000000eae438;
L_0000000000f06330 .cmp/eq 32, L_0000000000f06e70, L_0000000000eae480;
    .scope S_00000000008ba940;
T_0 ;
    %wait E_0000000000929e90;
    %load/vec4 v0000000000ea8560_0;
    %flag_set/vec4 8;
    %jmp/0xz  T_0.0, 8;
    %load/vec4 v0000000000895d10_0;
    %dup/vec4;
    %pushi/vec4 0, 0, 1;
    %cmp/u;
    %jmp/1 T_0.2, 6;
    %dup/vec4;
    %pushi/vec4 1, 0, 1;
    %cmp/u;
    %jmp/1 T_0.3, 6;
    %pushi/vec4 0, 0, 32;
    %store/vec4 v0000000000ea8b00_0, 0, 32;
    %pushi/vec4 1, 0, 1;
    %store/vec4 v0000000000ea96e0_0, 0, 1;
    %jmp T_0.5;
T_0.2 ;
    %load/vec4 v0000000000895bd0_0;
    %parti/s 1, 31, 6;
    %inv;
    %load/vec4 v0000000000895c70_0;
    %parti/s 1, 31, 6;
    %inv;
    %and;
    %flag_set/vec4 8;
    %jmp/0xz  T_0.6, 8;
    %load/vec4 v0000000000895bd0_0;
    %parti/s 8, 23, 6;
    %load/vec4 v0000000000895c70_0;
    %parti/s 8, 23, 6;
    %cmp/u;
    %jmp/0xz  T_0.8, 5;
    %load/vec4 v0000000000895bd0_0;
    %parti/s 23, 0, 2;
    %pad/u 32;
    %store/vec4 v0000000000ea90a0_0, 0, 32;
    %load/vec4 v0000000000895c70_0;
    %parti/s 23, 0, 2;
    %pad/u 32;
    %store/vec4 v0000000000ea98c0_0, 0, 32;
    %pushi/vec4 1, 0, 1;
    %ix/load 4, 23, 0;
    %flag_set/imm 4, 0;
    %store/vec4 v0000000000ea90a0_0, 4, 1;
    %pushi/vec4 1, 0, 1;
    %ix/load 4, 23, 0;
    %flag_set/imm 4, 0;
    %store/vec4 v0000000000ea98c0_0, 4, 1;
    %load/vec4 v0000000000895c70_0;
    %parti/s 8, 23, 6;
    %pad/u 32;
    %load/vec4 v0000000000895bd0_0;
    %parti/s 8, 23, 6;
    %pad/u 32;
    %sub;
    %store/vec4 v0000000000ea8880_0, 0, 32;
    %load/vec4 v0000000000ea90a0_0;
    %load/vec4 v0000000000ea8880_0;
    %subi 1, 0, 32;
    %part/u 1;
    %store/vec4 v0000000000ea8600_0, 0, 1;
    %load/vec4 v0000000000ea90a0_0;
    %ix/getv 4, v0000000000ea8880_0;
    %shiftr 4;
    %store/vec4 v0000000000ea90a0_0, 0, 32;
    %load/vec4 v0000000000ea90a0_0;
    %load/vec4 v0000000000ea98c0_0;
    %add;
    %store/vec4 v0000000000ea8920_0, 0, 32;
    %load/vec4 v0000000000ea8920_0;
    %store/vec4 v0000000000ea8b00_0, 0, 32;
    %load/vec4 v0000000000895c70_0;
    %parti/s 8, 23, 6;
    %ix/load 4, 23, 0;
    %flag_set/imm 4, 0;
    %store/vec4 v0000000000ea8b00_0, 4, 8;
    %pushi/vec4 0, 0, 1;
    %ix/load 4, 31, 0;
    %flag_set/imm 4, 0;
    %store/vec4 v0000000000ea8b00_0, 4, 1;
    %load/vec4 v0000000000ea8600_0;
    %pad/u 32;
    %cmpi/e 1, 0, 32;
    %jmp/0xz  T_0.10, 4;
    %load/vec4 v0000000000ea8b00_0;
    %addi 1, 0, 32;
    %store/vec4 v0000000000ea8b00_0, 0, 32;
T_0.10 ;
    %jmp T_0.9;
T_0.8 ;
    %load/vec4 v0000000000895c70_0;
    %parti/s 8, 23, 6;
    %load/vec4 v0000000000895bd0_0;
    %parti/s 8, 23, 6;
    %cmp/u;
    %jmp/0xz  T_0.12, 5;
    %load/vec4 v0000000000895bd0_0;
    %parti/s 23, 0, 2;
    %pad/u 32;
    %store/vec4 v0000000000ea90a0_0, 0, 32;
    %load/vec4 v0000000000895c70_0;
    %parti/s 23, 0, 2;
    %pad/u 32;
    %store/vec4 v0000000000ea98c0_0, 0, 32;
    %pushi/vec4 1, 0, 1;
    %ix/load 4, 23, 0;
    %flag_set/imm 4, 0;
    %store/vec4 v0000000000ea90a0_0, 4, 1;
    %pushi/vec4 1, 0, 1;
    %ix/load 4, 23, 0;
    %flag_set/imm 4, 0;
    %store/vec4 v0000000000ea98c0_0, 4, 1;
    %load/vec4 v0000000000895bd0_0;
    %parti/s 8, 23, 6;
    %pad/u 32;
    %load/vec4 v0000000000895c70_0;
    %parti/s 8, 23, 6;
    %pad/u 32;
    %sub;
    %store/vec4 v0000000000ea8880_0, 0, 32;
    %load/vec4 v0000000000ea98c0_0;
    %load/vec4 v0000000000ea8880_0;
    %subi 1, 0, 32;
    %part/u 1;
    %store/vec4 v0000000000ea8600_0, 0, 1;
    %load/vec4 v0000000000ea98c0_0;
    %ix/getv 4, v0000000000ea8880_0;
    %shiftr 4;
    %store/vec4 v0000000000ea98c0_0, 0, 32;
    %load/vec4 v0000000000ea90a0_0;
    %load/vec4 v0000000000ea98c0_0;
    %add;
    %store/vec4 v0000000000ea8920_0, 0, 32;
    %load/vec4 v0000000000ea8920_0;
    %store/vec4 v0000000000ea8b00_0, 0, 32;
    %load/vec4 v0000000000895bd0_0;
    %parti/s 8, 23, 6;
    %ix/load 4, 23, 0;
    %flag_set/imm 4, 0;
    %store/vec4 v0000000000ea8b00_0, 4, 8;
    %pushi/vec4 0, 0, 1;
    %ix/load 4, 31, 0;
    %flag_set/imm 4, 0;
    %store/vec4 v0000000000ea8b00_0, 4, 1;
    %load/vec4 v0000000000ea8600_0;
    %pad/u 32;
    %cmpi/e 1, 0, 32;
    %jmp/0xz  T_0.14, 4;
    %load/vec4 v0000000000ea8b00_0;
    %addi 1, 0, 32;
    %store/vec4 v0000000000ea8b00_0, 0, 32;
T_0.14 ;
    %jmp T_0.13;
T_0.12 ;
    %load/vec4 v0000000000895bd0_0;
    %parti/s 23, 0, 2;
    %pad/u 32;
    %store/vec4 v0000000000ea90a0_0, 0, 32;
    %load/vec4 v0000000000895c70_0;
    %parti/s 23, 0, 2;
    %pad/u 32;
    %store/vec4 v0000000000ea98c0_0, 0, 32;
    %pushi/vec4 1, 0, 1;
    %ix/load 4, 23, 0;
    %flag_set/imm 4, 0;
    %store/vec4 v0000000000ea90a0_0, 4, 1;
    %pushi/vec4 1, 0, 1;
    %ix/load 4, 23, 0;
    %flag_set/imm 4, 0;
    %store/vec4 v0000000000ea98c0_0, 4, 1;
    %load/vec4 v0000000000ea90a0_0;
    %load/vec4 v0000000000ea98c0_0;
    %add;
    %store/vec4 v0000000000ea8920_0, 0, 32;
    %load/vec4 v0000000000ea8920_0;
    %parti/s 1, 0, 2;
    %store/vec4 v0000000000ea8600_0, 0, 1;
    %load/vec4 v0000000000ea8920_0;
    %ix/load 4, 1, 0;
    %flag_set/imm 4, 0;
    %shiftr 4;
    %store/vec4 v0000000000ea8920_0, 0, 32;
    %load/vec4 v0000000000ea8920_0;
    %store/vec4 v0000000000ea8b00_0, 0, 32;
    %load/vec4 v0000000000895bd0_0;
    %parti/s 8, 23, 6;
    %addi 1, 0, 8;
    %ix/load 4, 23, 0;
    %flag_set/imm 4, 0;
    %store/vec4 v0000000000ea8b00_0, 4, 8;
    %pushi/vec4 0, 0, 1;
    %ix/load 4, 31, 0;
    %flag_set/imm 4, 0;
    %store/vec4 v0000000000ea8b00_0, 4, 1;
    %load/vec4 v0000000000ea8600_0;
    %pad/u 32;
    %cmpi/e 1, 0, 32;
    %jmp/0xz  T_0.16, 4;
    %load/vec4 v0000000000ea8b00_0;
    %addi 1, 0, 32;
    %store/vec4 v0000000000ea8b00_0, 0, 32;
T_0.16 ;
T_0.13 ;
T_0.9 ;
    %jmp T_0.7;
T_0.6 ;
    %load/vec4 v0000000000895bd0_0;
    %parti/s 1, 31, 6;
    %inv;
    %load/vec4 v0000000000895c70_0;
    %parti/s 1, 31, 6;
    %and;
    %flag_set/vec4 8;
    %jmp/0xz  T_0.18, 8;
    %load/vec4 v0000000000895bd0_0;
    %parti/s 8, 23, 6;
    %load/vec4 v0000000000895c70_0;
    %parti/s 8, 23, 6;
    %cmp/u;
    %jmp/0xz  T_0.20, 5;
    %load/vec4 v0000000000895bd0_0;
    %parti/s 23, 0, 2;
    %pad/u 32;
    %store/vec4 v0000000000ea90a0_0, 0, 32;
    %load/vec4 v0000000000895c70_0;
    %parti/s 23, 0, 2;
    %pad/u 32;
    %store/vec4 v0000000000ea98c0_0, 0, 32;
    %pushi/vec4 1, 0, 1;
    %ix/load 4, 23, 0;
    %flag_set/imm 4, 0;
    %store/vec4 v0000000000ea90a0_0, 4, 1;
    %pushi/vec4 1, 0, 1;
    %ix/load 4, 23, 0;
    %flag_set/imm 4, 0;
    %store/vec4 v0000000000ea98c0_0, 4, 1;
    %load/vec4 v0000000000895c70_0;
    %parti/s 8, 23, 6;
    %pad/u 32;
    %load/vec4 v0000000000895bd0_0;
    %parti/s 8, 23, 6;
    %pad/u 32;
    %sub;
    %store/vec4 v0000000000ea8880_0, 0, 32;
    %load/vec4 v0000000000ea90a0_0;
    %load/vec4 v0000000000ea8880_0;
    %subi 1, 0, 32;
    %part/u 1;
    %store/vec4 v0000000000ea8600_0, 0, 1;
    %load/vec4 v0000000000ea90a0_0;
    %ix/getv 4, v0000000000ea8880_0;
    %shiftr 4;
    %store/vec4 v0000000000ea90a0_0, 0, 32;
    %load/vec4 v0000000000ea98c0_0;
    %load/vec4 v0000000000ea90a0_0;
    %sub;
    %store/vec4 v0000000000ea8920_0, 0, 32;
    %load/vec4 v0000000000ea8920_0;
    %store/vec4 v0000000000ea8b00_0, 0, 32;
    %load/vec4 v0000000000895c70_0;
    %parti/s 8, 23, 6;
    %ix/load 4, 23, 0;
    %flag_set/imm 4, 0;
    %store/vec4 v0000000000ea8b00_0, 4, 8;
    %pushi/vec4 1, 0, 1;
    %ix/load 4, 31, 0;
    %flag_set/imm 4, 0;
    %store/vec4 v0000000000ea8b00_0, 4, 1;
    %load/vec4 v0000000000ea8600_0;
    %pad/u 32;
    %cmpi/e 1, 0, 32;
    %jmp/0xz  T_0.22, 4;
    %load/vec4 v0000000000ea8b00_0;
    %subi 1, 0, 32;
    %store/vec4 v0000000000ea8b00_0, 0, 32;
T_0.22 ;
    %jmp T_0.21;
T_0.20 ;
    %load/vec4 v0000000000895c70_0;
    %parti/s 8, 23, 6;
    %load/vec4 v0000000000895bd0_0;
    %parti/s 8, 23, 6;
    %cmp/u;
    %jmp/0xz  T_0.24, 5;
    %load/vec4 v0000000000895bd0_0;
    %parti/s 23, 0, 2;
    %pad/u 32;
    %store/vec4 v0000000000ea90a0_0, 0, 32;
    %load/vec4 v0000000000895c70_0;
    %parti/s 23, 0, 2;
    %pad/u 32;
    %store/vec4 v0000000000ea98c0_0, 0, 32;
    %pushi/vec4 1, 0, 1;
    %ix/load 4, 23, 0;
    %flag_set/imm 4, 0;
    %store/vec4 v0000000000ea90a0_0, 4, 1;
    %pushi/vec4 1, 0, 1;
    %ix/load 4, 23, 0;
    %flag_set/imm 4, 0;
    %store/vec4 v0000000000ea98c0_0, 4, 1;
    %load/vec4 v0000000000895bd0_0;
    %parti/s 8, 23, 6;
    %pad/u 32;
    %load/vec4 v0000000000895c70_0;
    %parti/s 8, 23, 6;
    %pad/u 32;
    %sub;
    %store/vec4 v0000000000ea8880_0, 0, 32;
    %load/vec4 v0000000000ea98c0_0;
    %load/vec4 v0000000000ea8880_0;
    %subi 1, 0, 32;
    %part/u 1;
    %store/vec4 v0000000000ea8600_0, 0, 1;
    %load/vec4 v0000000000ea98c0_0;
    %ix/getv 4, v0000000000ea8880_0;
    %shiftr 4;
    %store/vec4 v0000000000ea98c0_0, 0, 32;
    %load/vec4 v0000000000ea90a0_0;
    %load/vec4 v0000000000ea98c0_0;
    %sub;
    %store/vec4 v0000000000ea8920_0, 0, 32;
    %load/vec4 v0000000000ea8920_0;
    %store/vec4 v0000000000ea8b00_0, 0, 32;
    %load/vec4 v0000000000895bd0_0;
    %parti/s 8, 23, 6;
    %ix/load 4, 23, 0;
    %flag_set/imm 4, 0;
    %store/vec4 v0000000000ea8b00_0, 4, 8;
    %pushi/vec4 0, 0, 1;
    %ix/load 4, 31, 0;
    %flag_set/imm 4, 0;
    %store/vec4 v0000000000ea8b00_0, 4, 1;
    %load/vec4 v0000000000ea8600_0;
    %pad/u 32;
    %cmpi/e 1, 0, 32;
    %jmp/0xz  T_0.26, 4;
    %load/vec4 v0000000000ea8b00_0;
    %subi 1, 0, 32;
    %store/vec4 v0000000000ea8b00_0, 0, 32;
T_0.26 ;
    %jmp T_0.25;
T_0.24 ;
    %load/vec4 v0000000000895bd0_0;
    %parti/s 23, 0, 2;
    %pad/u 32;
    %store/vec4 v0000000000ea90a0_0, 0, 32;
    %load/vec4 v0000000000895c70_0;
    %parti/s 23, 0, 2;
    %pad/u 32;
    %store/vec4 v0000000000ea98c0_0, 0, 32;
    %pushi/vec4 1, 0, 1;
    %ix/load 4, 23, 0;
    %flag_set/imm 4, 0;
    %store/vec4 v0000000000ea90a0_0, 4, 1;
    %pushi/vec4 1, 0, 1;
    %ix/load 4, 23, 0;
    %flag_set/imm 4, 0;
    %store/vec4 v0000000000ea98c0_0, 4, 1;
    %load/vec4 v0000000000ea98c0_0;
    %load/vec4 v0000000000ea90a0_0;
    %cmp/u;
    %jmp/0xz  T_0.28, 5;
    %load/vec4 v0000000000ea90a0_0;
    %load/vec4 v0000000000ea98c0_0;
    %sub;
    %store/vec4 v0000000000ea8920_0, 0, 32;
    %pushi/vec4 0, 0, 32;
    %store/vec4 v0000000000ea8880_0, 0, 32;
T_0.30 ;
    %load/vec4 v0000000000ea8920_0;
    %pushi/vec4 23, 0, 32;
    %load/vec4 v0000000000ea8880_0;
    %sub;
    %part/u 1;
    %pad/u 32;
    %cmpi/e 0, 0, 32;
    %jmp/0xz T_0.31, 4;
    %load/vec4 v0000000000ea8880_0;
    %addi 1, 0, 32;
    %store/vec4 v0000000000ea8880_0, 0, 32;
    %jmp T_0.30;
T_0.31 ;
    %load/vec4 v0000000000ea8920_0;
    %ix/getv 4, v0000000000ea8880_0;
    %shiftl 4;
    %store/vec4 v0000000000ea8920_0, 0, 32;
    %load/vec4 v0000000000ea8920_0;
    %store/vec4 v0000000000ea8b00_0, 0, 32;
    %load/vec4 v0000000000895bd0_0;
    %parti/s 8, 23, 6;
    %pad/u 32;
    %load/vec4 v0000000000ea8880_0;
    %sub;
    %pad/u 8;
    %ix/load 4, 23, 0;
    %flag_set/imm 4, 0;
    %store/vec4 v0000000000ea8b00_0, 4, 8;
    %pushi/vec4 0, 0, 1;
    %ix/load 4, 31, 0;
    %flag_set/imm 4, 0;
    %store/vec4 v0000000000ea8b00_0, 4, 1;
    %jmp T_0.29;
T_0.28 ;
    %load/vec4 v0000000000ea90a0_0;
    %load/vec4 v0000000000ea98c0_0;
    %cmp/u;
    %jmp/0xz  T_0.32, 5;
    %load/vec4 v0000000000ea98c0_0;
    %load/vec4 v0000000000ea90a0_0;
    %sub;
    %store/vec4 v0000000000ea8920_0, 0, 32;
    %pushi/vec4 0, 0, 32;
    %store/vec4 v0000000000ea8880_0, 0, 32;
T_0.34 ;
    %load/vec4 v0000000000ea8920_0;
    %pushi/vec4 23, 0, 32;
    %load/vec4 v0000000000ea8880_0;
    %sub;
    %part/u 1;
    %pad/u 32;
    %cmpi/e 0, 0, 32;
    %jmp/0xz T_0.35, 4;
    %load/vec4 v0000000000ea8880_0;
    %addi 1, 0, 32;
    %store/vec4 v0000000000ea8880_0, 0, 32;
    %jmp T_0.34;
T_0.35 ;
    %load/vec4 v0000000000ea8920_0;
    %ix/getv 4, v0000000000ea8880_0;
    %shiftl 4;
    %store/vec4 v0000000000ea8920_0, 0, 32;
    %load/vec4 v0000000000ea8920_0;
    %store/vec4 v0000000000ea8b00_0, 0, 32;
    %load/vec4 v0000000000895bd0_0;
    %parti/s 8, 23, 6;
    %pad/u 32;
    %load/vec4 v0000000000ea8880_0;
    %sub;
    %pad/u 8;
    %ix/load 4, 23, 0;
    %flag_set/imm 4, 0;
    %store/vec4 v0000000000ea8b00_0, 4, 8;
    %pushi/vec4 1, 0, 1;
    %ix/load 4, 31, 0;
    %flag_set/imm 4, 0;
    %store/vec4 v0000000000ea8b00_0, 4, 1;
    %jmp T_0.33;
T_0.32 ;
    %pushi/vec4 0, 0, 32;
    %store/vec4 v0000000000ea8b00_0, 0, 32;
T_0.33 ;
T_0.29 ;
T_0.25 ;
T_0.21 ;
    %jmp T_0.19;
T_0.18 ;
    %load/vec4 v0000000000895bd0_0;
    %parti/s 1, 31, 6;
    %load/vec4 v0000000000895c70_0;
    %parti/s 1, 31, 6;
    %inv;
    %and;
    %flag_set/vec4 8;
    %jmp/0xz  T_0.36, 8;
    %load/vec4 v0000000000895bd0_0;
    %parti/s 8, 23, 6;
    %load/vec4 v0000000000895c70_0;
    %parti/s 8, 23, 6;
    %cmp/u;
    %jmp/0xz  T_0.38, 5;
    %load/vec4 v0000000000895bd0_0;
    %parti/s 23, 0, 2;
    %pad/u 32;
    %store/vec4 v0000000000ea90a0_0, 0, 32;
    %load/vec4 v0000000000895c70_0;
    %parti/s 23, 0, 2;
    %pad/u 32;
    %store/vec4 v0000000000ea98c0_0, 0, 32;
    %pushi/vec4 1, 0, 1;
    %ix/load 4, 23, 0;
    %flag_set/imm 4, 0;
    %store/vec4 v0000000000ea90a0_0, 4, 1;
    %pushi/vec4 1, 0, 1;
    %ix/load 4, 23, 0;
    %flag_set/imm 4, 0;
    %store/vec4 v0000000000ea98c0_0, 4, 1;
    %load/vec4 v0000000000895c70_0;
    %parti/s 8, 23, 6;
    %pad/u 32;
    %load/vec4 v0000000000895bd0_0;
    %parti/s 8, 23, 6;
    %pad/u 32;
    %sub;
    %store/vec4 v0000000000ea8880_0, 0, 32;
    %load/vec4 v0000000000ea90a0_0;
    %load/vec4 v0000000000ea8880_0;
    %subi 1, 0, 32;
    %part/u 1;
    %store/vec4 v0000000000ea8600_0, 0, 1;
    %load/vec4 v0000000000ea90a0_0;
    %ix/getv 4, v0000000000ea8880_0;
    %shiftr 4;
    %store/vec4 v0000000000ea90a0_0, 0, 32;
    %load/vec4 v0000000000ea98c0_0;
    %load/vec4 v0000000000ea90a0_0;
    %sub;
    %store/vec4 v0000000000ea8920_0, 0, 32;
    %load/vec4 v0000000000ea8920_0;
    %store/vec4 v0000000000ea8b00_0, 0, 32;
    %load/vec4 v0000000000895c70_0;
    %parti/s 8, 23, 6;
    %ix/load 4, 23, 0;
    %flag_set/imm 4, 0;
    %store/vec4 v0000000000ea8b00_0, 4, 8;
    %pushi/vec4 0, 0, 1;
    %ix/load 4, 31, 0;
    %flag_set/imm 4, 0;
    %store/vec4 v0000000000ea8b00_0, 4, 1;
    %load/vec4 v0000000000ea8600_0;
    %pad/u 32;
    %cmpi/e 1, 0, 32;
    %jmp/0xz  T_0.40, 4;
    %load/vec4 v0000000000ea8b00_0;
    %subi 1, 0, 32;
    %store/vec4 v0000000000ea8b00_0, 0, 32;
T_0.40 ;
    %jmp T_0.39;
T_0.38 ;
    %load/vec4 v0000000000895c70_0;
    %parti/s 8, 23, 6;
    %load/vec4 v0000000000895bd0_0;
    %parti/s 8, 23, 6;
    %cmp/u;
    %jmp/0xz  T_0.42, 5;
    %load/vec4 v0000000000895bd0_0;
    %parti/s 23, 0, 2;
    %pad/u 32;
    %store/vec4 v0000000000ea90a0_0, 0, 32;
    %load/vec4 v0000000000895c70_0;
    %parti/s 23, 0, 2;
    %pad/u 32;
    %store/vec4 v0000000000ea98c0_0, 0, 32;
    %pushi/vec4 1, 0, 1;
    %ix/load 4, 23, 0;
    %flag_set/imm 4, 0;
    %store/vec4 v0000000000ea90a0_0, 4, 1;
    %pushi/vec4 1, 0, 1;
    %ix/load 4, 23, 0;
    %flag_set/imm 4, 0;
    %store/vec4 v0000000000ea98c0_0, 4, 1;
    %load/vec4 v0000000000895bd0_0;
    %parti/s 8, 23, 6;
    %pad/u 32;
    %load/vec4 v0000000000895c70_0;
    %parti/s 8, 23, 6;
    %pad/u 32;
    %sub;
    %store/vec4 v0000000000ea8880_0, 0, 32;
    %load/vec4 v0000000000ea98c0_0;
    %load/vec4 v0000000000ea8880_0;
    %subi 1, 0, 32;
    %part/u 1;
    %store/vec4 v0000000000ea8600_0, 0, 1;
    %load/vec4 v0000000000ea98c0_0;
    %ix/getv 4, v0000000000ea8880_0;
    %shiftr 4;
    %store/vec4 v0000000000ea98c0_0, 0, 32;
    %load/vec4 v0000000000ea90a0_0;
    %load/vec4 v0000000000ea98c0_0;
    %sub;
    %store/vec4 v0000000000ea8920_0, 0, 32;
    %load/vec4 v0000000000ea8920_0;
    %store/vec4 v0000000000ea8b00_0, 0, 32;
    %load/vec4 v0000000000895bd0_0;
    %parti/s 8, 23, 6;
    %ix/load 4, 23, 0;
    %flag_set/imm 4, 0;
    %store/vec4 v0000000000ea8b00_0, 4, 8;
    %pushi/vec4 1, 0, 1;
    %ix/load 4, 31, 0;
    %flag_set/imm 4, 0;
    %store/vec4 v0000000000ea8b00_0, 4, 1;
    %load/vec4 v0000000000ea8600_0;
    %pad/u 32;
    %cmpi/e 1, 0, 32;
    %jmp/0xz  T_0.44, 4;
    %load/vec4 v0000000000ea8b00_0;
    %subi 1, 0, 32;
    %store/vec4 v0000000000ea8b00_0, 0, 32;
T_0.44 ;
    %jmp T_0.43;
T_0.42 ;
    %load/vec4 v0000000000895bd0_0;
    %parti/s 23, 0, 2;
    %pad/u 32;
    %store/vec4 v0000000000ea90a0_0, 0, 32;
    %load/vec4 v0000000000895c70_0;
    %parti/s 23, 0, 2;
    %pad/u 32;
    %store/vec4 v0000000000ea98c0_0, 0, 32;
    %pushi/vec4 1, 0, 1;
    %ix/load 4, 23, 0;
    %flag_set/imm 4, 0;
    %store/vec4 v0000000000ea90a0_0, 4, 1;
    %pushi/vec4 1, 0, 1;
    %ix/load 4, 23, 0;
    %flag_set/imm 4, 0;
    %store/vec4 v0000000000ea98c0_0, 4, 1;
    %load/vec4 v0000000000ea98c0_0;
    %load/vec4 v0000000000ea90a0_0;
    %cmp/u;
    %jmp/0xz  T_0.46, 5;
    %load/vec4 v0000000000ea90a0_0;
    %load/vec4 v0000000000ea98c0_0;
    %sub;
    %store/vec4 v0000000000ea8920_0, 0, 32;
    %pushi/vec4 0, 0, 32;
    %store/vec4 v0000000000ea8880_0, 0, 32;
T_0.48 ;
    %load/vec4 v0000000000ea8920_0;
    %pushi/vec4 23, 0, 32;
    %load/vec4 v0000000000ea8880_0;
    %sub;
    %part/u 1;
    %pad/u 32;
    %cmpi/e 0, 0, 32;
    %jmp/0xz T_0.49, 4;
    %load/vec4 v0000000000ea8880_0;
    %addi 1, 0, 32;
    %store/vec4 v0000000000ea8880_0, 0, 32;
    %jmp T_0.48;
T_0.49 ;
    %load/vec4 v0000000000ea8920_0;
    %ix/getv 4, v0000000000ea8880_0;
    %shiftl 4;
    %store/vec4 v0000000000ea8920_0, 0, 32;
    %load/vec4 v0000000000ea8920_0;
    %store/vec4 v0000000000ea8b00_0, 0, 32;
    %load/vec4 v0000000000895bd0_0;
    %parti/s 8, 23, 6;
    %pad/u 32;
    %load/vec4 v0000000000ea8880_0;
    %sub;
    %pad/u 8;
    %ix/load 4, 23, 0;
    %flag_set/imm 4, 0;
    %store/vec4 v0000000000ea8b00_0, 4, 8;
    %pushi/vec4 1, 0, 1;
    %ix/load 4, 31, 0;
    %flag_set/imm 4, 0;
    %store/vec4 v0000000000ea8b00_0, 4, 1;
    %jmp T_0.47;
T_0.46 ;
    %load/vec4 v0000000000ea90a0_0;
    %load/vec4 v0000000000ea98c0_0;
    %cmp/u;
    %jmp/0xz  T_0.50, 5;
    %load/vec4 v0000000000ea98c0_0;
    %load/vec4 v0000000000ea90a0_0;
    %sub;
    %store/vec4 v0000000000ea8920_0, 0, 32;
    %pushi/vec4 0, 0, 32;
    %store/vec4 v0000000000ea8880_0, 0, 32;
T_0.52 ;
    %load/vec4 v0000000000ea8920_0;
    %pushi/vec4 23, 0, 32;
    %load/vec4 v0000000000ea8880_0;
    %sub;
    %part/u 1;
    %pad/u 32;
    %cmpi/e 0, 0, 32;
    %jmp/0xz T_0.53, 4;
    %load/vec4 v0000000000ea8880_0;
    %addi 1, 0, 32;
    %store/vec4 v0000000000ea8880_0, 0, 32;
    %jmp T_0.52;
T_0.53 ;
    %load/vec4 v0000000000ea8920_0;
    %ix/getv 4, v0000000000ea8880_0;
    %shiftl 4;
    %store/vec4 v0000000000ea8920_0, 0, 32;
    %load/vec4 v0000000000ea8920_0;
    %store/vec4 v0000000000ea8b00_0, 0, 32;
    %load/vec4 v0000000000895bd0_0;
    %parti/s 8, 23, 6;
    %pad/u 32;
    %load/vec4 v0000000000ea8880_0;
    %sub;
    %pad/u 8;
    %ix/load 4, 23, 0;
    %flag_set/imm 4, 0;
    %store/vec4 v0000000000ea8b00_0, 4, 8;
    %pushi/vec4 0, 0, 1;
    %ix/load 4, 31, 0;
    %flag_set/imm 4, 0;
    %store/vec4 v0000000000ea8b00_0, 4, 1;
    %jmp T_0.51;
T_0.50 ;
    %pushi/vec4 0, 0, 32;
    %store/vec4 v0000000000ea8b00_0, 0, 32;
T_0.51 ;
T_0.47 ;
T_0.43 ;
T_0.39 ;
T_0.36 ;
T_0.19 ;
T_0.7 ;
    %load/vec4 v0000000000895bd0_0;
    %parti/s 1, 31, 6;
    %load/vec4 v0000000000895c70_0;
    %parti/s 1, 31, 6;
    %and;
    %flag_set/vec4 8;
    %jmp/0xz  T_0.54, 8;
    %load/vec4 v0000000000895bd0_0;
    %parti/s 8, 23, 6;
    %load/vec4 v0000000000895c70_0;
    %parti/s 8, 23, 6;
    %cmp/u;
    %jmp/0xz  T_0.56, 5;
    %load/vec4 v0000000000895bd0_0;
    %parti/s 23, 0, 2;
    %pad/u 32;
    %store/vec4 v0000000000ea90a0_0, 0, 32;
    %load/vec4 v0000000000895c70_0;
    %parti/s 23, 0, 2;
    %pad/u 32;
    %store/vec4 v0000000000ea98c0_0, 0, 32;
    %pushi/vec4 1, 0, 1;
    %ix/load 4, 23, 0;
    %flag_set/imm 4, 0;
    %store/vec4 v0000000000ea90a0_0, 4, 1;
    %pushi/vec4 1, 0, 1;
    %ix/load 4, 23, 0;
    %flag_set/imm 4, 0;
    %store/vec4 v0000000000ea98c0_0, 4, 1;
    %load/vec4 v0000000000895c70_0;
    %parti/s 8, 23, 6;
    %pad/u 32;
    %load/vec4 v0000000000895bd0_0;
    %parti/s 8, 23, 6;
    %pad/u 32;
    %sub;
    %store/vec4 v0000000000ea8880_0, 0, 32;
    %load/vec4 v0000000000ea90a0_0;
    %load/vec4 v0000000000ea8880_0;
    %subi 1, 0, 32;
    %part/u 1;
    %store/vec4 v0000000000ea8600_0, 0, 1;
    %load/vec4 v0000000000ea90a0_0;
    %ix/getv 4, v0000000000ea8880_0;
    %shiftr 4;
    %store/vec4 v0000000000ea90a0_0, 0, 32;
    %load/vec4 v0000000000ea90a0_0;
    %load/vec4 v0000000000ea98c0_0;
    %add;
    %store/vec4 v0000000000ea8920_0, 0, 32;
    %load/vec4 v0000000000ea8920_0;
    %store/vec4 v0000000000ea8b00_0, 0, 32;
    %load/vec4 v0000000000895c70_0;
    %parti/s 8, 23, 6;
    %ix/load 4, 23, 0;
    %flag_set/imm 4, 0;
    %store/vec4 v0000000000ea8b00_0, 4, 8;
    %pushi/vec4 1, 0, 1;
    %ix/load 4, 31, 0;
    %flag_set/imm 4, 0;
    %store/vec4 v0000000000ea8b00_0, 4, 1;
    %load/vec4 v0000000000ea8600_0;
    %pad/u 32;
    %cmpi/e 1, 0, 32;
    %jmp/0xz  T_0.58, 4;
    %load/vec4 v0000000000ea8b00_0;
    %addi 1, 0, 32;
    %store/vec4 v0000000000ea8b00_0, 0, 32;
T_0.58 ;
    %jmp T_0.57;
T_0.56 ;
    %load/vec4 v0000000000895c70_0;
    %parti/s 8, 23, 6;
    %load/vec4 v0000000000895bd0_0;
    %parti/s 8, 23, 6;
    %cmp/u;
    %jmp/0xz  T_0.60, 5;
    %load/vec4 v0000000000895bd0_0;
    %parti/s 23, 0, 2;
    %pad/u 32;
    %store/vec4 v0000000000ea90a0_0, 0, 32;
    %load/vec4 v0000000000895c70_0;
    %parti/s 23, 0, 2;
    %pad/u 32;
    %store/vec4 v0000000000ea98c0_0, 0, 32;
    %pushi/vec4 1, 0, 1;
    %ix/load 4, 23, 0;
    %flag_set/imm 4, 0;
    %store/vec4 v0000000000ea90a0_0, 4, 1;
    %pushi/vec4 1, 0, 1;
    %ix/load 4, 23, 0;
    %flag_set/imm 4, 0;
    %store/vec4 v0000000000ea98c0_0, 4, 1;
    %load/vec4 v0000000000895bd0_0;
    %parti/s 8, 23, 6;
    %pad/u 32;
    %load/vec4 v0000000000895c70_0;
    %parti/s 8, 23, 6;
    %pad/u 32;
    %sub;
    %store/vec4 v0000000000ea8880_0, 0, 32;
    %load/vec4 v0000000000ea98c0_0;
    %load/vec4 v0000000000ea8880_0;
    %subi 1, 0, 32;
    %part/u 1;
    %store/vec4 v0000000000ea8600_0, 0, 1;
    %load/vec4 v0000000000ea98c0_0;
    %ix/getv 4, v0000000000ea8880_0;
    %shiftr 4;
    %store/vec4 v0000000000ea98c0_0, 0, 32;
    %load/vec4 v0000000000ea90a0_0;
    %load/vec4 v0000000000ea98c0_0;
    %add;
    %store/vec4 v0000000000ea8920_0, 0, 32;
    %load/vec4 v0000000000ea8920_0;
    %store/vec4 v0000000000ea8b00_0, 0, 32;
    %load/vec4 v0000000000895bd0_0;
    %parti/s 8, 23, 6;
    %ix/load 4, 23, 0;
    %flag_set/imm 4, 0;
    %store/vec4 v0000000000ea8b00_0, 4, 8;
    %pushi/vec4 1, 0, 1;
    %ix/load 4, 31, 0;
    %flag_set/imm 4, 0;
    %store/vec4 v0000000000ea8b00_0, 4, 1;
    %load/vec4 v0000000000ea8600_0;
    %pad/u 32;
    %cmpi/e 1, 0, 32;
    %jmp/0xz  T_0.62, 4;
    %load/vec4 v0000000000ea8b00_0;
    %addi 1, 0, 32;
    %store/vec4 v0000000000ea8b00_0, 0, 32;
T_0.62 ;
    %jmp T_0.61;
T_0.60 ;
    %load/vec4 v0000000000895bd0_0;
    %parti/s 23, 0, 2;
    %pad/u 32;
    %store/vec4 v0000000000ea90a0_0, 0, 32;
    %load/vec4 v0000000000895c70_0;
    %parti/s 23, 0, 2;
    %pad/u 32;
    %store/vec4 v0000000000ea98c0_0, 0, 32;
    %pushi/vec4 1, 0, 1;
    %ix/load 4, 23, 0;
    %flag_set/imm 4, 0;
    %store/vec4 v0000000000ea90a0_0, 4, 1;
    %pushi/vec4 1, 0, 1;
    %ix/load 4, 23, 0;
    %flag_set/imm 4, 0;
    %store/vec4 v0000000000ea98c0_0, 4, 1;
    %load/vec4 v0000000000ea90a0_0;
    %load/vec4 v0000000000ea98c0_0;
    %add;
    %store/vec4 v0000000000ea8920_0, 0, 32;
    %load/vec4 v0000000000ea8920_0;
    %parti/s 1, 0, 2;
    %store/vec4 v0000000000ea8600_0, 0, 1;
    %load/vec4 v0000000000ea8920_0;
    %ix/load 4, 1, 0;
    %flag_set/imm 4, 0;
    %shiftr 4;
    %store/vec4 v0000000000ea8920_0, 0, 32;
    %load/vec4 v0000000000ea8920_0;
    %store/vec4 v0000000000ea8b00_0, 0, 32;
    %load/vec4 v0000000000895bd0_0;
    %parti/s 8, 23, 6;
    %addi 1, 0, 8;
    %ix/load 4, 23, 0;
    %flag_set/imm 4, 0;
    %store/vec4 v0000000000ea8b00_0, 4, 8;
    %pushi/vec4 1, 0, 1;
    %ix/load 4, 31, 0;
    %flag_set/imm 4, 0;
    %store/vec4 v0000000000ea8b00_0, 4, 1;
    %load/vec4 v0000000000ea8600_0;
    %pad/u 32;
    %cmpi/e 1, 0, 32;
    %jmp/0xz  T_0.64, 4;
    %load/vec4 v0000000000ea8b00_0;
    %addi 1, 0, 32;
    %store/vec4 v0000000000ea8b00_0, 0, 32;
T_0.64 ;
T_0.61 ;
T_0.57 ;
T_0.54 ;
    %pushi/vec4 1, 0, 1;
    %store/vec4 v0000000000ea96e0_0, 0, 1;
    %jmp T_0.5;
T_0.3 ;
    %load/vec4 v0000000000895bd0_0;
    %parti/s 1, 31, 6;
    %load/vec4 v0000000000895c70_0;
    %parti/s 1, 31, 6;
    %inv;
    %and;
    %load/vec4 v0000000000895bd0_0;
    %parti/s 1, 31, 6;
    %inv;
    %load/vec4 v0000000000895c70_0;
    %parti/s 1, 31, 6;
    %and;
    %or;
    %flag_set/vec4 8;
    %jmp/0xz  T_0.66, 8;
    %load/vec4 v0000000000895bd0_0;
    %parti/s 23, 0, 2;
    %pad/u 32;
    %store/vec4 v0000000000ea90a0_0, 0, 32;
    %load/vec4 v0000000000895c70_0;
    %parti/s 23, 0, 2;
    %pad/u 32;
    %store/vec4 v0000000000ea98c0_0, 0, 32;
    %pushi/vec4 1, 0, 1;
    %ix/load 4, 23, 0;
    %flag_set/imm 4, 0;
    %store/vec4 v0000000000ea90a0_0, 4, 1;
    %pushi/vec4 1, 0, 1;
    %ix/load 4, 23, 0;
    %flag_set/imm 4, 0;
    %store/vec4 v0000000000ea98c0_0, 4, 1;
    %load/vec4 v0000000000ea90a0_0;
    %pad/u 65;
    %load/vec4 v0000000000ea98c0_0;
    %pad/u 65;
    %mul;
    %store/vec4 v0000000000ea9c80_0, 0, 65;
    %load/vec4 v0000000000ea9c80_0;
    %parti/s 1, 22, 6;
    %store/vec4 v0000000000ea8600_0, 0, 1;
    %load/vec4 v0000000000ea9c80_0;
    %ix/load 4, 23, 0;
    %flag_set/imm 4, 0;
    %shiftr 4;
    %store/vec4 v0000000000ea9c80_0, 0, 65;
    %load/vec4 v0000000000ea9c80_0;
    %parti/s 1, 24, 6;
    %pad/u 32;
    %cmpi/e 1, 0, 32;
    %jmp/0xz  T_0.68, 4;
    %load/vec4 v0000000000ea9c80_0;
    %parti/s 1, 0, 2;
    %store/vec4 v0000000000ea8600_0, 0, 1;
    %load/vec4 v0000000000ea9c80_0;
    %ix/load 4, 1, 0;
    %flag_set/imm 4, 0;
    %shiftr 4;
    %store/vec4 v0000000000ea9c80_0, 0, 65;
    %load/vec4 v0000000000ea9c80_0;
    %pad/u 32;
    %store/vec4 v0000000000ea8b00_0, 0, 32;
    %load/vec4 v0000000000895bd0_0;
    %parti/s 8, 23, 6;
    %load/vec4 v0000000000895c70_0;
    %parti/s 8, 23, 6;
    %add;
    %addi 130, 0, 8;
    %ix/load 4, 23, 0;
    %flag_set/imm 4, 0;
    %store/vec4 v0000000000ea8b00_0, 4, 8;
    %pushi/vec4 1, 0, 1;
    %ix/load 4, 31, 0;
    %flag_set/imm 4, 0;
    %store/vec4 v0000000000ea8b00_0, 4, 1;
    %load/vec4 v0000000000ea8600_0;
    %pad/u 32;
    %cmpi/e 1, 0, 32;
    %jmp/0xz  T_0.70, 4;
    %load/vec4 v0000000000ea8b00_0;
    %addi 1, 0, 32;
    %store/vec4 v0000000000ea8b00_0, 0, 32;
T_0.70 ;
    %jmp T_0.69;
T_0.68 ;
    %load/vec4 v0000000000ea9c80_0;
    %pad/u 32;
    %store/vec4 v0000000000ea8b00_0, 0, 32;
    %load/vec4 v0000000000895bd0_0;
    %parti/s 8, 23, 6;
    %load/vec4 v0000000000895c70_0;
    %parti/s 8, 23, 6;
    %add;
    %subi 127, 0, 8;
    %ix/load 4, 23, 0;
    %flag_set/imm 4, 0;
    %store/vec4 v0000000000ea8b00_0, 4, 8;
    %pushi/vec4 1, 0, 1;
    %ix/load 4, 31, 0;
    %flag_set/imm 4, 0;
    %store/vec4 v0000000000ea8b00_0, 4, 1;
    %load/vec4 v0000000000ea8600_0;
    %pad/u 32;
    %cmpi/e 1, 0, 32;
    %jmp/0xz  T_0.72, 4;
    %load/vec4 v0000000000ea8b00_0;
    %addi 1, 0, 32;
    %store/vec4 v0000000000ea8b00_0, 0, 32;
T_0.72 ;
T_0.69 ;
T_0.66 ;
    %load/vec4 v0000000000895bd0_0;
    %parti/s 1, 31, 6;
    %load/vec4 v0000000000895c70_0;
    %parti/s 1, 31, 6;
    %and;
    %load/vec4 v0000000000895bd0_0;
    %parti/s 1, 31, 6;
    %inv;
    %load/vec4 v0000000000895c70_0;
    %parti/s 1, 31, 6;
    %inv;
    %and;
    %or;
    %flag_set/vec4 8;
    %jmp/0xz  T_0.74, 8;
    %load/vec4 v0000000000895bd0_0;
    %parti/s 23, 0, 2;
    %pad/u 32;
    %store/vec4 v0000000000ea90a0_0, 0, 32;
    %load/vec4 v0000000000895c70_0;
    %parti/s 23, 0, 2;
    %pad/u 32;
    %store/vec4 v0000000000ea98c0_0, 0, 32;
    %pushi/vec4 1, 0, 1;
    %ix/load 4, 23, 0;
    %flag_set/imm 4, 0;
    %store/vec4 v0000000000ea90a0_0, 4, 1;
    %pushi/vec4 1, 0, 1;
    %ix/load 4, 23, 0;
    %flag_set/imm 4, 0;
    %store/vec4 v0000000000ea98c0_0, 4, 1;
    %load/vec4 v0000000000ea90a0_0;
    %pad/u 65;
    %load/vec4 v0000000000ea98c0_0;
    %pad/u 65;
    %mul;
    %store/vec4 v0000000000ea9c80_0, 0, 65;
    %load/vec4 v0000000000ea9c80_0;
    %parti/s 1, 22, 6;
    %store/vec4 v0000000000ea8600_0, 0, 1;
    %load/vec4 v0000000000ea9c80_0;
    %ix/load 4, 23, 0;
    %flag_set/imm 4, 0;
    %shiftr 4;
    %store/vec4 v0000000000ea9c80_0, 0, 65;
    %load/vec4 v0000000000ea9c80_0;
    %parti/s 1, 24, 6;
    %pad/u 32;
    %cmpi/e 1, 0, 32;
    %jmp/0xz  T_0.76, 4;
    %load/vec4 v0000000000ea9c80_0;
    %parti/s 1, 0, 2;
    %store/vec4 v0000000000ea8600_0, 0, 1;
    %load/vec4 v0000000000ea9c80_0;
    %ix/load 4, 1, 0;
    %flag_set/imm 4, 0;
    %shiftr 4;
    %store/vec4 v0000000000ea9c80_0, 0, 65;
    %load/vec4 v0000000000ea9c80_0;
    %pad/u 32;
    %store/vec4 v0000000000ea8b00_0, 0, 32;
    %load/vec4 v0000000000895bd0_0;
    %parti/s 8, 23, 6;
    %load/vec4 v0000000000895c70_0;
    %parti/s 8, 23, 6;
    %add;
    %addi 130, 0, 8;
    %ix/load 4, 23, 0;
    %flag_set/imm 4, 0;
    %store/vec4 v0000000000ea8b00_0, 4, 8;
    %pushi/vec4 0, 0, 1;
    %ix/load 4, 31, 0;
    %flag_set/imm 4, 0;
    %store/vec4 v0000000000ea8b00_0, 4, 1;
    %load/vec4 v0000000000ea8600_0;
    %pad/u 32;
    %cmpi/e 1, 0, 32;
    %jmp/0xz  T_0.78, 4;
    %load/vec4 v0000000000ea8b00_0;
    %addi 1, 0, 32;
    %store/vec4 v0000000000ea8b00_0, 0, 32;
T_0.78 ;
    %jmp T_0.77;
T_0.76 ;
    %load/vec4 v0000000000ea9c80_0;
    %pad/u 32;
    %store/vec4 v0000000000ea8b00_0, 0, 32;
    %load/vec4 v0000000000895bd0_0;
    %parti/s 8, 23, 6;
    %load/vec4 v0000000000895c70_0;
    %parti/s 8, 23, 6;
    %add;
    %subi 127, 0, 8;
    %ix/load 4, 23, 0;
    %flag_set/imm 4, 0;
    %store/vec4 v0000000000ea8b00_0, 4, 8;
    %pushi/vec4 0, 0, 1;
    %ix/load 4, 31, 0;
    %flag_set/imm 4, 0;
    %store/vec4 v0000000000ea8b00_0, 4, 1;
    %load/vec4 v0000000000ea8600_0;
    %pad/u 32;
    %cmpi/e 1, 0, 32;
    %jmp/0xz  T_0.80, 4;
    %load/vec4 v0000000000ea8b00_0;
    %addi 1, 0, 32;
    %store/vec4 v0000000000ea8b00_0, 0, 32;
T_0.80 ;
T_0.77 ;
T_0.74 ;
    %pushi/vec4 1, 0, 1;
    %store/vec4 v0000000000ea96e0_0, 0, 1;
    %jmp T_0.5;
T_0.5 ;
    %pop/vec4 1;
    %jmp T_0.1;
T_0.0 ;
    %pushi/vec4 0, 0, 32;
    %store/vec4 v0000000000ea8b00_0, 0, 32;
    %pushi/vec4 0, 0, 1;
    %store/vec4 v0000000000ea96e0_0, 0, 1;
T_0.1 ;
    %jmp T_0;
    .thread T_0, $push;
    .scope S_00000000008ba940;
T_1 ;
    %wait E_0000000000929a50;
    %load/vec4 v0000000000ea84c0_0;
    %inv;
    %flag_set/vec4 8;
    %jmp/0xz  T_1.0, 8;
    %pushi/vec4 0, 0, 32;
    %assign/vec4 v0000000000ea9460_0, 0;
    %pushi/vec4 0, 0, 1;
    %assign/vec4 v0000000000ea91e0_0, 0;
    %jmp T_1.1;
T_1.0 ;
    %load/vec4 v0000000000ea8b00_0;
    %assign/vec4 v0000000000ea9460_0, 0;
    %load/vec4 v0000000000ea96e0_0;
    %assign/vec4 v0000000000ea91e0_0, 0;
T_1.1 ;
    %jmp T_1;
    .thread T_1;
    .scope S_00000000009ed670;
T_2 ;
    %wait E_0000000000922250;
    %load/vec4 v0000000000ea81a0_0;
    %dup/vec4;
    %pushi/vec4 0, 0, 3;
    %cmp/u;
    %jmp/1 T_2.0, 6;
    %dup/vec4;
    %pushi/vec4 1, 0, 3;
    %cmp/u;
    %jmp/1 T_2.1, 6;
    %dup/vec4;
    %pushi/vec4 2, 0, 3;
    %cmp/u;
    %jmp/1 T_2.2, 6;
    %dup/vec4;
    %pushi/vec4 3, 0, 3;
    %cmp/u;
    %jmp/1 T_2.3, 6;
    %dup/vec4;
    %pushi/vec4 4, 0, 3;
    %cmp/u;
    %jmp/1 T_2.4, 6;
    %pushi/vec4 0, 0, 3;
    %store/vec4 v0000000000ea8420_0, 0, 3;
    %jmp T_2.6;
T_2.0 ;
    %load/vec4 v0000000000ea9e60_0;
    %flag_set/vec4 8;
    %jmp/0 T_2.7, 8;
    %pushi/vec4 1, 0, 32;
    %jmp/1 T_2.8, 8;
T_2.7 ; End of true expr.
    %pushi/vec4 0, 0, 32;
    %jmp/0 T_2.8, 8;
 ; End of false expr.
    %blend;
T_2.8;
    %pad/s 3;
    %store/vec4 v0000000000ea8420_0, 0, 3;
    %jmp T_2.6;
T_2.1 ;
    %pushi/vec4 2, 0, 3;
    %store/vec4 v0000000000ea8420_0, 0, 3;
    %jmp T_2.6;
T_2.2 ;
    %load/vec4 v0000000000ea86a0_0;
    %flag_set/vec4 8;
    %jmp/0 T_2.9, 8;
    %load/vec4 v0000000000eaa070_0;
    %flag_set/vec4 9;
    %jmp/0 T_2.11, 9;
    %pushi/vec4 3, 0, 32;
    %jmp/1 T_2.12, 9;
T_2.11 ; End of true expr.
    %pushi/vec4 1, 0, 32;
    %jmp/0 T_2.12, 9;
 ; End of false expr.
    %blend;
T_2.12;
    %jmp/1 T_2.10, 8;
T_2.9 ; End of true expr.
    %pushi/vec4 2, 0, 32;
    %jmp/0 T_2.10, 8;
 ; End of false expr.
    %blend;
T_2.10;
    %pad/s 3;
    %store/vec4 v0000000000ea8420_0, 0, 3;
    %jmp T_2.6;
T_2.3 ;
    %pushi/vec4 4, 0, 3;
    %store/vec4 v0000000000ea8420_0, 0, 3;
    %jmp T_2.6;
T_2.4 ;
    %pushi/vec4 4, 0, 3;
    %store/vec4 v0000000000ea8420_0, 0, 3;
    %jmp T_2.6;
T_2.6 ;
    %pop/vec4 1;
    %jmp T_2;
    .thread T_2, $push;
    .scope S_00000000009ed670;
T_3 ;
    %wait E_00000000009295d0;
    %load/vec4 v0000000000ea9b40_0;
    %store/vec4 v0000000000ea8740_0, 0, 4;
    %pushi/vec4 0, 0, 1;
    %store/vec4 v0000000000eabf10_0, 0, 1;
    %pushi/vec4 0, 0, 32;
    %store/vec4 v0000000000ea9000_0, 0, 32;
    %pushi/vec4 0, 0, 32;
    %store/vec4 v0000000000eaaed0_0, 0, 32;
    %load/vec4 v0000000000ea81a0_0;
    %dup/vec4;
    %pushi/vec4 1, 0, 3;
    %cmp/u;
    %jmp/1 T_3.0, 6;
    %dup/vec4;
    %pushi/vec4 2, 0, 3;
    %cmp/u;
    %jmp/1 T_3.1, 6;
    %jmp T_3.2;
T_3.0 ;
    %pushi/vec4 1, 0, 1;
    %store/vec4 v0000000000eabf10_0, 0, 1;
    %load/vec4 v0000000000ea9b40_0;
    %pad/u 5;
    %ix/vec4 4;
    %load/vec4a v0000000000ea9f00, 4;
    %parti/s 32, 0, 2;
    %store/vec4 v0000000000ea9000_0, 0, 32;
    %load/vec4 v0000000000ea9b40_0;
    %pad/u 5;
    %ix/vec4 4;
    %load/vec4a v0000000000ea9f00, 4;
    %parti/s 32, 32, 7;
    %store/vec4 v0000000000eaaed0_0, 0, 32;
    %jmp T_3.2;
T_3.1 ;
    %load/vec4 v0000000000ea86a0_0;
    %load/vec4 v0000000000eaa070_0;
    %nor/r;
    %and;
    %flag_set/vec4 8;
    %jmp/0 T_3.3, 8;
    %load/vec4 v0000000000ea9b40_0;
    %addi 1, 0, 4;
    %jmp/1 T_3.4, 8;
T_3.3 ; End of true expr.
    %load/vec4 v0000000000ea9b40_0;
    %jmp/0 T_3.4, 8;
 ; End of false expr.
    %blend;
T_3.4;
    %store/vec4 v0000000000ea8740_0, 0, 4;
    %jmp T_3.2;
T_3.2 ;
    %pop/vec4 1;
    %jmp T_3;
    .thread T_3, $push;
    .scope S_00000000009ed670;
T_4 ;
    %wait E_0000000000929450;
    %load/vec4 v0000000000ea81a0_0;
    %pad/u 32;
    %cmpi/e 0, 0, 32;
    %jmp/0xz  T_4.0, 4;
    %pushi/vec4 0, 0, 32;
    %store/vec4 v0000000000ea8d80_0, 0, 32;
    %jmp T_4.1;
T_4.0 ;
    %load/vec4 v0000000000ea81a0_0;
    %pad/u 32;
    %pushi/vec4 2, 0, 32;
    %cmp/e;
    %flag_get/vec4 4;
    %load/vec4 v0000000000ea86a0_0;
    %and;
    %flag_set/vec4 8;
    %jmp/0xz  T_4.2, 8;
    %load/vec4 v0000000000ea9820_0;
    %load/vec4 v0000000000eaa390_0;
    %cmp/ne;
    %jmp/0xz  T_4.4, 6;
    %vpi_call 2 276 "$display", "Test #%d: Error! A=0x%x, B=0x%x, yours=0x%x, answer=0x%x", v0000000000ea9b40_0, v0000000000ea8f60_0, v0000000000ea9be0_0, v0000000000ea9820_0, v0000000000eaa390_0 {0 0 0};
    %load/vec4 v0000000000ea8d80_0;
    %addi 1, 0, 32;
    %store/vec4 v0000000000ea8d80_0, 0, 32;
    %jmp T_4.5;
T_4.4 ;
    %vpi_call 2 280 "$display", "Test #%d: Correct!", v0000000000ea9b40_0 {0 0 0};
T_4.5 ;
    %jmp T_4.3;
T_4.2 ;
    %load/vec4 v0000000000ea81a0_0;
    %pad/u 32;
    %cmpi/e 3, 0, 32;
    %jmp/0xz  T_4.6, 4;
    %load/vec4 v0000000000ea8d80_0;
    %cmpi/e 0, 0, 32;
    %jmp/0xz  T_4.8, 4;
    %vpi_call 2 285 "$display", "ALL PASS!" {0 0 0};
    %jmp T_4.9;
T_4.8 ;
    %vpi_call 2 287 "$display", "#Errors: %d", v0000000000ea8d80_0 {0 0 0};
T_4.9 ;
T_4.6 ;
T_4.3 ;
T_4.1 ;
    %jmp T_4;
    .thread T_4;
    .scope S_00000000009ed670;
T_5 ;
    %wait E_0000000000929150;
    %load/vec4 v0000000000ea8ec0_0;
    %inv;
    %flag_set/vec4 8;
    %jmp/0xz  T_5.0, 8;
    %pushi/vec4 0, 0, 3;
    %assign/vec4 v0000000000ea81a0_0, 0;
    %pushi/vec4 0, 0, 4;
    %assign/vec4 v0000000000ea9b40_0, 0;
    %pushi/vec4 0, 0, 1;
    %assign/vec4 v0000000000eaa1b0_0, 0;
    %pushi/vec4 0, 0, 32;
    %assign/vec4 v0000000000ea87e0_0, 0;
    %pushi/vec4 0, 0, 32;
    %assign/vec4 v0000000000ea82e0_0, 0;
    %jmp T_5.1;
T_5.0 ;
    %load/vec4 v0000000000ea8420_0;
    %assign/vec4 v0000000000ea81a0_0, 0;
    %load/vec4 v0000000000ea8740_0;
    %assign/vec4 v0000000000ea9b40_0, 0;
    %load/vec4 v0000000000eabf10_0;
    %assign/vec4 v0000000000eaa1b0_0, 0;
    %load/vec4 v0000000000ea9000_0;
    %assign/vec4 v0000000000ea87e0_0, 0;
    %load/vec4 v0000000000eaaed0_0;
    %assign/vec4 v0000000000ea82e0_0, 0;
T_5.1 ;
    %jmp T_5;
    .thread T_5;
    .scope S_00000000009505a0;
T_6 ;
    %wait E_0000000000922410;
    %load/vec4 v0000000000eaacf0_0;
    %dup/vec4;
    %pushi/vec4 0, 0, 3;
    %cmp/u;
    %jmp/1 T_6.0, 6;
    %dup/vec4;
    %pushi/vec4 1, 0, 3;
    %cmp/u;
    %jmp/1 T_6.1, 6;
    %dup/vec4;
    %pushi/vec4 2, 0, 3;
    %cmp/u;
    %jmp/1 T_6.2, 6;
    %dup/vec4;
    %pushi/vec4 3, 0, 3;
    %cmp/u;
    %jmp/1 T_6.3, 6;
    %dup/vec4;
    %pushi/vec4 4, 0, 3;
    %cmp/u;
    %jmp/1 T_6.4, 6;
    %pushi/vec4 0, 0, 3;
    %store/vec4 v0000000000eaa890_0, 0, 3;
    %jmp T_6.6;
T_6.0 ;
    %load/vec4 v0000000000eaa4d0_0;
    %flag_set/vec4 8;
    %jmp/0 T_6.7, 8;
    %pushi/vec4 1, 0, 32;
    %jmp/1 T_6.8, 8;
T_6.7 ; End of true expr.
    %pushi/vec4 0, 0, 32;
    %jmp/0 T_6.8, 8;
 ; End of false expr.
    %blend;
T_6.8;
    %pad/s 3;
    %store/vec4 v0000000000eaa890_0, 0, 3;
    %jmp T_6.6;
T_6.1 ;
    %pushi/vec4 2, 0, 3;
    %store/vec4 v0000000000eaa890_0, 0, 3;
    %jmp T_6.6;
T_6.2 ;
    %load/vec4 v0000000000eaa570_0;
    %flag_set/vec4 8;
    %jmp/0 T_6.9, 8;
    %load/vec4 v0000000000eac620_0;
    %flag_set/vec4 9;
    %jmp/0 T_6.11, 9;
    %pushi/vec4 3, 0, 32;
    %jmp/1 T_6.12, 9;
T_6.11 ; End of true expr.
    %pushi/vec4 1, 0, 32;
    %jmp/0 T_6.12, 9;
 ; End of false expr.
    %blend;
T_6.12;
    %jmp/1 T_6.10, 8;
T_6.9 ; End of true expr.
    %pushi/vec4 2, 0, 32;
    %jmp/0 T_6.10, 8;
 ; End of false expr.
    %blend;
T_6.10;
    %pad/s 3;
    %store/vec4 v0000000000eaa890_0, 0, 3;
    %jmp T_6.6;
T_6.3 ;
    %pushi/vec4 4, 0, 3;
    %store/vec4 v0000000000eaa890_0, 0, 3;
    %jmp T_6.6;
T_6.4 ;
    %pushi/vec4 4, 0, 3;
    %store/vec4 v0000000000eaa890_0, 0, 3;
    %jmp T_6.6;
T_6.6 ;
    %pop/vec4 1;
    %jmp T_6;
    .thread T_6, $push;
    .scope S_00000000009505a0;
T_7 ;
    %wait E_0000000000922fd0;
    %load/vec4 v0000000000eab650_0;
    %store/vec4 v0000000000eab010_0, 0, 4;
    %pushi/vec4 0, 0, 1;
    %store/vec4 v0000000000eadf20_0, 0, 1;
    %pushi/vec4 0, 0, 32;
    %store/vec4 v0000000000eab790_0, 0, 32;
    %pushi/vec4 0, 0, 32;
    %store/vec4 v0000000000eab5b0_0, 0, 32;
    %load/vec4 v0000000000eaacf0_0;
    %dup/vec4;
    %pushi/vec4 1, 0, 3;
    %cmp/u;
    %jmp/1 T_7.0, 6;
    %dup/vec4;
    %pushi/vec4 2, 0, 3;
    %cmp/u;
    %jmp/1 T_7.1, 6;
    %jmp T_7.2;
T_7.0 ;
    %pushi/vec4 1, 0, 1;
    %store/vec4 v0000000000eadf20_0, 0, 1;
    %load/vec4 v0000000000eab650_0;
    %pad/u 5;
    %ix/vec4 4;
    %load/vec4a v0000000000eab6f0, 4;
    %parti/s 32, 0, 2;
    %store/vec4 v0000000000eab790_0, 0, 32;
    %load/vec4 v0000000000eab650_0;
    %pad/u 5;
    %ix/vec4 4;
    %load/vec4a v0000000000eab6f0, 4;
    %parti/s 32, 32, 7;
    %store/vec4 v0000000000eab5b0_0, 0, 32;
    %jmp T_7.2;
T_7.1 ;
    %load/vec4 v0000000000eaa570_0;
    %load/vec4 v0000000000eac620_0;
    %nor/r;
    %and;
    %flag_set/vec4 8;
    %jmp/0 T_7.3, 8;
    %load/vec4 v0000000000eab650_0;
    %addi 1, 0, 4;
    %jmp/1 T_7.4, 8;
T_7.3 ; End of true expr.
    %load/vec4 v0000000000eab650_0;
    %jmp/0 T_7.4, 8;
 ; End of false expr.
    %blend;
T_7.4;
    %store/vec4 v0000000000eab010_0, 0, 4;
    %jmp T_7.2;
T_7.2 ;
    %pop/vec4 1;
    %jmp T_7;
    .thread T_7, $push;
    .scope S_00000000009505a0;
T_8 ;
    %wait E_0000000000929450;
    %load/vec4 v0000000000eaacf0_0;
    %pad/u 32;
    %cmpi/e 0, 0, 32;
    %jmp/0xz  T_8.0, 4;
    %pushi/vec4 0, 0, 32;
    %store/vec4 v0000000000eab0b0_0, 0, 32;
    %jmp T_8.1;
T_8.0 ;
    %load/vec4 v0000000000eaacf0_0;
    %pad/u 32;
    %pushi/vec4 2, 0, 32;
    %cmp/e;
    %flag_get/vec4 4;
    %load/vec4 v0000000000eaa570_0;
    %and;
    %flag_set/vec4 8;
    %jmp/0xz  T_8.2, 8;
    %load/vec4 v0000000000eab470_0;
    %load/vec4 v0000000000eac580_0;
    %cmp/ne;
    %jmp/0xz  T_8.4, 6;
    %vpi_call 2 276 "$display", "Test #%d: Error! A=0x%x, B=0x%x, yours=0x%x, answer=0x%x", v0000000000eab650_0, v0000000000eaba10_0, v0000000000eab150_0, v0000000000eab470_0, v0000000000eac580_0 {0 0 0};
    %load/vec4 v0000000000eab0b0_0;
    %addi 1, 0, 32;
    %store/vec4 v0000000000eab0b0_0, 0, 32;
    %jmp T_8.5;
T_8.4 ;
    %vpi_call 2 280 "$display", "Test #%d: Correct!", v0000000000eab650_0 {0 0 0};
T_8.5 ;
    %jmp T_8.3;
T_8.2 ;
    %load/vec4 v0000000000eaacf0_0;
    %pad/u 32;
    %cmpi/e 3, 0, 32;
    %jmp/0xz  T_8.6, 4;
    %load/vec4 v0000000000eab0b0_0;
    %cmpi/e 0, 0, 32;
    %jmp/0xz  T_8.8, 4;
    %vpi_call 2 285 "$display", "ALL PASS!" {0 0 0};
    %jmp T_8.9;
T_8.8 ;
    %vpi_call 2 287 "$display", "#Errors: %d", v0000000000eab0b0_0 {0 0 0};
T_8.9 ;
T_8.6 ;
T_8.3 ;
T_8.1 ;
    %jmp T_8;
    .thread T_8;
    .scope S_00000000009505a0;
T_9 ;
    %wait E_0000000000929150;
    %load/vec4 v0000000000eaa430_0;
    %inv;
    %flag_set/vec4 8;
    %jmp/0xz  T_9.0, 8;
    %pushi/vec4 0, 0, 3;
    %assign/vec4 v0000000000eaacf0_0, 0;
    %pushi/vec4 0, 0, 4;
    %assign/vec4 v0000000000eab650_0, 0;
    %pushi/vec4 0, 0, 1;
    %assign/vec4 v0000000000eabe70_0, 0;
    %pushi/vec4 0, 0, 32;
    %assign/vec4 v0000000000eab1f0_0, 0;
    %pushi/vec4 0, 0, 32;
    %assign/vec4 v0000000000eab290_0, 0;
    %jmp T_9.1;
T_9.0 ;
    %load/vec4 v0000000000eaa890_0;
    %assign/vec4 v0000000000eaacf0_0, 0;
    %load/vec4 v0000000000eab010_0;
    %assign/vec4 v0000000000eab650_0, 0;
    %load/vec4 v0000000000eadf20_0;
    %assign/vec4 v0000000000eabe70_0, 0;
    %load/vec4 v0000000000eab790_0;
    %assign/vec4 v0000000000eab1f0_0, 0;
    %load/vec4 v0000000000eab5b0_0;
    %assign/vec4 v0000000000eab290_0, 0;
T_9.1 ;
    %jmp T_9;
    .thread T_9;
    .scope S_00000000008d0a20;
T_10 ;
    %pushi/vec4 0, 0, 32;
    %store/vec4 v0000000000ead340_0, 0, 32;
    %end;
    .thread T_10;
    .scope S_00000000008d0a20;
T_11 ;
    %vpi_call 2 131 "$readmemb", "./testcases/test00_input.txt", v0000000000ea9f00 {0 0 0};
    %end;
    .thread T_11;
    .scope S_00000000008d0a20;
T_12 ;
    %vpi_call 2 132 "$readmemb", "./testcases/test00_output.txt", v0000000000eaaa70 {0 0 0};
    %end;
    .thread T_12;
    .scope S_00000000008d0a20;
T_13 ;
    %vpi_call 2 133 "$readmemb", "./testcases/test01_input.txt", v0000000000eab6f0 {0 0 0};
    %end;
    .thread T_13;
    .scope S_00000000008d0a20;
T_14 ;
    %vpi_call 2 134 "$readmemb", "./testcases/test01_output.txt", v0000000000ead160 {0 0 0};
    %end;
    .thread T_14;
    .scope S_00000000008d0a20;
T_15 ;
    %wait E_0000000000929f50;
    %load/vec4 v0000000000eadde0_0;
    %store/vec4 v0000000000eada20_0, 0, 2;
    %pushi/vec4 0, 0, 1;
    %store/vec4 v0000000000ead2a0_0, 0, 1;
    %load/vec4 v0000000000eadde0_0;
    %dup/vec4;
    %pushi/vec4 0, 0, 2;
    %cmp/u;
    %jmp/1 T_15.0, 6;
    %dup/vec4;
    %pushi/vec4 1, 0, 2;
    %cmp/u;
    %jmp/1 T_15.1, 6;
    %dup/vec4;
    %pushi/vec4 2, 0, 2;
    %cmp/u;
    %jmp/1 T_15.2, 6;
    %dup/vec4;
    %pushi/vec4 3, 0, 2;
    %cmp/u;
    %jmp/1 T_15.3, 6;
    %jmp T_15.4;
T_15.0 ;
    %pushi/vec4 1, 0, 2;
    %store/vec4 v0000000000eada20_0, 0, 2;
    %jmp T_15.4;
T_15.1 ;
    %pushi/vec4 1, 0, 1;
    %ix/load 4, 0, 0;
    %flag_set/imm 4, 0;
    %store/vec4a v0000000000eac1c0, 4, 0;
    %ix/load 4, 0, 0;
    %flag_set/imm 4, 0;
    %load/vec4a v0000000000ead700, 4;
    %store/vec4 v0000000000eacbc0_0, 0, 32;
    %ix/load 4, 0, 0;
    %flag_set/imm 4, 0;
    %load/vec4a v0000000000eac760, 4;
    %store/vec4 v0000000000ead200_0, 0, 32;
    %ix/load 4, 0, 0;
    %flag_set/imm 4, 0;
    %load/vec4a v0000000000eac080, 4;
    %store/vec4 v0000000000eac260_0, 0, 1;
    %ix/load 4, 0, 0;
    %flag_set/imm 4, 0;
    %load/vec4a v0000000000ead660, 4;
    %store/vec4 v0000000000ead2a0_0, 0, 1;
    %ix/load 4, 0, 0;
    %flag_set/imm 4, 0;
    %load/vec4a v0000000000ead8e0, 4;
    %flag_set/vec4 8;
    %jmp/0xz  T_15.5, 8;
    %pushi/vec4 2, 0, 2;
    %store/vec4 v0000000000eada20_0, 0, 2;
    %load/vec4 v0000000000ead340_0;
    %load/vec4 v0000000000ea8d80_0;
    %add;
    %store/vec4 v0000000000ead340_0, 0, 32;
    %vpi_call 2 158 "$display", "Finish add test." {0 0 0};
    %vpi_call 2 159 "$display", "==========================================================================================" {0 0 0};
T_15.5 ;
    %jmp T_15.4;
T_15.2 ;
    %pushi/vec4 1, 0, 1;
    %ix/load 4, 1, 0;
    %flag_set/imm 4, 0;
    %store/vec4a v0000000000eac1c0, 4, 0;
    %ix/load 4, 1, 0;
    %flag_set/imm 4, 0;
    %load/vec4a v0000000000ead700, 4;
    %store/vec4 v0000000000eacbc0_0, 0, 32;
    %ix/load 4, 1, 0;
    %flag_set/imm 4, 0;
    %load/vec4a v0000000000eac760, 4;
    %store/vec4 v0000000000ead200_0, 0, 32;
    %ix/load 4, 1, 0;
    %flag_set/imm 4, 0;
    %load/vec4a v0000000000eac080, 4;
    %store/vec4 v0000000000eac260_0, 0, 1;
    %ix/load 4, 1, 0;
    %flag_set/imm 4, 0;
    %load/vec4a v0000000000ead660, 4;
    %store/vec4 v0000000000ead2a0_0, 0, 1;
    %ix/load 4, 1, 0;
    %flag_set/imm 4, 0;
    %load/vec4a v0000000000ead8e0, 4;
    %flag_set/vec4 8;
    %jmp/0xz  T_15.7, 8;
    %pushi/vec4 3, 0, 2;
    %store/vec4 v0000000000eada20_0, 0, 2;
    %load/vec4 v0000000000ead340_0;
    %load/vec4 v0000000000eab0b0_0;
    %add;
    %store/vec4 v0000000000ead340_0, 0, 32;
    %vpi_call 2 171 "$display", "Finish mul test." {0 0 0};
    %vpi_call 2 172 "$display", "==========================================================================================" {0 0 0};
T_15.7 ;
    %jmp T_15.4;
T_15.3 ;
    %pushi/vec4 3, 0, 2;
    %store/vec4 v0000000000eada20_0, 0, 2;
    %vpi_call 2 177 "$display", "Finish all tests." {0 0 0};
    %pushi/vec4 20, 0, 32;
    %load/vec4 v0000000000ead340_0;
    %sub;
    %vpi_call 2 178 "$display", "Score: %.1f/20.0", S<0,vec4,s32> {1 0 0};
    %vpi_call 2 179 "$finish" {0 0 0};
    %jmp T_15.4;
T_15.4 ;
    %pop/vec4 1;
    %jmp T_15;
    .thread T_15, $push;
    .scope S_00000000008d0a20;
T_16 ;
    %wait E_0000000000929150;
    %load/vec4 v0000000000eade80_0;
    %inv;
    %flag_set/vec4 8;
    %jmp/0xz  T_16.0, 8;
    %pushi/vec4 0, 0, 2;
    %assign/vec4 v0000000000eadde0_0, 0;
    %jmp T_16.1;
T_16.0 ;
    %load/vec4 v0000000000eada20_0;
    %assign/vec4 v0000000000eadde0_0, 0;
T_16.1 ;
    %jmp T_16;
    .thread T_16;
    .scope S_00000000008ba7b0;
T_17 ;
    %delay 5000, 0;
    %load/vec4 v0000000000895630_0;
    %inv;
    %store/vec4 v0000000000895630_0, 0, 1;
    %jmp T_17;
    .thread T_17;
    .scope S_00000000008ba7b0;
T_18 ;
    %pushi/vec4 1, 0, 1;
    %store/vec4 v0000000000895630_0, 0, 1;
    %pushi/vec4 1, 0, 1;
    %store/vec4 v0000000000896ad0_0, 0, 1;
    %delay 2500, 0;
    %pushi/vec4 0, 0, 1;
    %store/vec4 v0000000000896ad0_0, 0, 1;
    %delay 47500, 0;
    %vpi_call 2 75 "$display", "==========================================================================================" {0 0 0};
    %vpi_call 2 76 "$display", "Start testing" {0 0 0};
    %vpi_call 2 77 "$display", "==========================================================================================" {0 0 0};
    %pushi/vec4 1, 0, 1;
    %store/vec4 v0000000000896ad0_0, 0, 1;
    %delay 10000000, 0;
    %vpi_call 2 79 "$finish" {0 0 0};
    %end;
    .thread T_18;
    .scope S_000000000094efe0;
T_19 ;
    %vpi_call 2 15 "$dumpfile", "fpu.vcd" {0 0 0};
    %vpi_call 2 16 "$dumpvars" {0 0 0};
    %end;
    .thread T_19;
# The file index is used to find the file name in the following table.
:file_names 4;
    "N/A";
    "<interactive>";
    "./testbench.v";
    "./codes/fpu.v";
